---------------------------------------------------------------
[ 2022-06-14T23:58:20+08:00 ] 183.251.161.8 GET www.fdadeal.com/api/wanlshop/product/likes?pages=user&page=1
[运行时间：0.154502s] [吞吐率：6.47req/s] [内存消耗：4,451.42kb] [文件加载：155]
[ info ] [ BEHAVIOR ] Run Closure @app_init [ RunTime:0.000015s ]
[ info ] [ CACHE ] INIT File
[ info ] [ BEHAVIOR ] Run \addons\alioss\Alioss @app_init [ RunTime:0.001910s ]
[ info ] [ BEHAVIOR ] Run \addons\wanlshop\Wanlshop @app_init [ RunTime:0.000683s ]
[ info ] [ BEHAVIOR ] Run Closure @app_init [ RunTime:0.000700s ]
[ info ] [ LANG ] /www/wwwroot/www.fdadeal.com/thinkphp/lang/zh-cn.php
[ info ] [ BEHAVIOR ] Run app\common\behavior\Common @app_dispatch [ RunTime:0.000211s ]
[ info ] [ ROUTE ] array (
  'type' => 'module',
  'module' => 
  array (
    0 => 'api',
    1 => 'wanlshop.product',
    2 => 'likes',
  ),
)
[ info ] [ HEADER ] array (
  'cookie' => 'think_var=zh-cn; keeplogin=1%7C86400%7C1655030943%7Cccfe8ac487ecb3c0a8e771d739808b7e; token=9350100b-03f2-4725-8211-d8b24a668171; uid=258',
  'accept-encoding' => 'gzip, deflate, br',
  'accept-language' => 'zh-CN,zh;q=0.9',
  'user-agent' => 'Mozilla/5.0 (iPhone; CPU iPhone OS 14_7 like Mac OS X) AppleWebKit/605.1.15 (KHTML, like Gecko) CriOS/98.0.4758.97 Mobile/15E148 Safari/604.1',
  'token' => 'cc05e4ac-a487-4d8d-a21a-ff15b4f13180',
  'referer' => 'https://www.fdadeal.com/pages/user/user',
  'content-type' => 'application/json;charset=UTF-8',
  'accept' => '*/*',
  'host' => 'www.fdadeal.com',
  'content-length' => '',
)
[ info ] [ PARAM ] array (
  'pages' => 'user',
  'page' => '1',
)
[ info ] [ LANG ] /www/wwwroot/www.fdadeal.com/public/../application/api/lang/zh-cn.php
[ info ] [ BEHAVIOR ] Run app\common\behavior\Common @module_init [ RunTime:0.000984s ]
[ info ] [ TOKEN ] INIT Mysql
[ info ] [ DB ] INIT mysql
[ info ] [ BEHAVIOR ] Run \addons\alioss\Alioss @upload_config_init [ RunTime:0.000290s ]
[ info ] [ LANG ] /www/wwwroot/www.fdadeal.com/public/../application/api/lang/zh-cn/wanlshop/product.php
[ info ] [ RUN ] app\api\controller\wanlshop\Product->likes[ /www/wwwroot/www.fdadeal.com/application/api/controller/wanlshop/Product.php ]
[ info ] [ LOG ] INIT File
---------------------------------------------------------------
[ 2022-06-14T23:58:24+08:00 ] 183.251.161.8 GET www.fdadeal.com/api/wanlshop/order/getOrderList?state=2&page=1
[运行时间：0.082766s] [吞吐率：12.08req/s] [内存消耗：4,459.16kb] [文件加载：153]
[ info ] [ BEHAVIOR ] Run Closure @app_init [ RunTime:0.000016s ]
[ info ] [ CACHE ] INIT File
[ info ] [ BEHAVIOR ] Run \addons\alioss\Alioss @app_init [ RunTime:0.001960s ]
[ info ] [ BEHAVIOR ] Run \addons\wanlshop\Wanlshop @app_init [ RunTime:0.000676s ]
[ info ] [ BEHAVIOR ] Run Closure @app_init [ RunTime:0.000693s ]
[ info ] [ LANG ] /www/wwwroot/www.fdadeal.com/thinkphp/lang/zh-cn.php
[ info ] [ BEHAVIOR ] Run app\common\behavior\Common @app_dispatch [ RunTime:0.000227s ]
[ info ] [ ROUTE ] array (
  'type' => 'module',
  'module' => 
  array (
    0 => 'api',
    1 => 'wanlshop.order',
    2 => 'getOrderList',
  ),
)
[ info ] [ HEADER ] array (
  'cookie' => 'think_var=zh-cn; keeplogin=1%7C86400%7C1655030943%7Cccfe8ac487ecb3c0a8e771d739808b7e; token=9350100b-03f2-4725-8211-d8b24a668171; uid=258',
  'accept-encoding' => 'gzip, deflate, br',
  'accept-language' => 'zh-CN,zh;q=0.9',
  'user-agent' => 'Mozilla/5.0 (iPhone; CPU iPhone OS 14_7 like Mac OS X) AppleWebKit/605.1.15 (KHTML, like Gecko) CriOS/98.0.4758.97 Mobile/15E148 Safari/604.1',
  'token' => 'cc05e4ac-a487-4d8d-a21a-ff15b4f13180',
  'referer' => 'https://www.fdadeal.com/pages/user/order/order?state=2',
  'content-type' => 'application/json;charset=UTF-8',
  'accept' => '*/*',
  'host' => 'www.fdadeal.com',
  'content-length' => '',
)
[ info ] [ PARAM ] array (
  'state' => '2',
  'page' => '1',
)
[ info ] [ LANG ] /www/wwwroot/www.fdadeal.com/public/../application/api/lang/zh-cn.php
[ info ] [ BEHAVIOR ] Run app\common\behavior\Common @module_init [ RunTime:0.001035s ]
[ info ] [ TOKEN ] INIT Mysql
[ info ] [ DB ] INIT mysql
[ info ] [ BEHAVIOR ] Run \addons\alioss\Alioss @upload_config_init [ RunTime:0.000276s ]
[ info ] [ RUN ] app\api\controller\wanlshop\Order->getOrderList[ /www/wwwroot/www.fdadeal.com/application/api/controller/wanlshop/Order.php ]
[ info ] [ LOG ] INIT File
---------------------------------------------------------------
[ 2022-06-14T23:58:27+08:00 ] 183.251.161.8 GET www.fdadeal.com/api/wanlshop/chat/state
[运行时间：0.051544s] [吞吐率：19.40req/s] [内存消耗：4,299.12kb] [文件加载：144]
[ info ] [ BEHAVIOR ] Run Closure @app_init [ RunTime:0.000015s ]
[ info ] [ CACHE ] INIT File
[ info ] [ BEHAVIOR ] Run \addons\alioss\Alioss @app_init [ RunTime:0.001982s ]
[ info ] [ BEHAVIOR ] Run \addons\wanlshop\Wanlshop @app_init [ RunTime:0.000682s ]
[ info ] [ BEHAVIOR ] Run Closure @app_init [ RunTime:0.000699s ]
[ info ] [ LANG ] /www/wwwroot/www.fdadeal.com/thinkphp/lang/zh-cn.php
[ info ] [ BEHAVIOR ] Run app\common\behavior\Common @app_dispatch [ RunTime:0.000219s ]
[ info ] [ ROUTE ] array (
  'type' => 'module',
  'module' => 
  array (
    0 => 'api',
    1 => 'wanlshop.chat',
    2 => 'state',
  ),
)
[ info ] [ HEADER ] array (
  'cookie' => 'think_var=zh-cn; keeplogin=1%7C86400%7C1655030943%7Cccfe8ac487ecb3c0a8e771d739808b7e; token=9350100b-03f2-4725-8211-d8b24a668171; uid=258',
  'accept-encoding' => 'gzip, deflate, br',
  'accept-language' => 'zh-CN,zh;q=0.9',
  'user-agent' => 'Mozilla/5.0 (iPhone; CPU iPhone OS 14_7 like Mac OS X) AppleWebKit/605.1.15 (KHTML, like Gecko) CriOS/98.0.4758.97 Mobile/15E148 Safari/604.1',
  'token' => 'cc05e4ac-a487-4d8d-a21a-ff15b4f13180',
  'referer' => 'https://www.fdadeal.com/pages/user/order/order?state=2',
  'content-type' => 'application/json;charset=UTF-8',
  'accept' => '*/*',
  'host' => 'www.fdadeal.com',
  'content-length' => '',
)
[ info ] [ PARAM ] array (
)
[ info ] [ LANG ] /www/wwwroot/www.fdadeal.com/public/../application/api/lang/zh-cn.php
[ info ] [ BEHAVIOR ] Run app\common\behavior\Common @module_init [ RunTime:0.000994s ]
[ info ] [ TOKEN ] INIT Mysql
[ info ] [ DB ] INIT mysql
[ info ] [ BEHAVIOR ] Run \addons\alioss\Alioss @upload_config_init [ RunTime:0.000255s ]
[ info ] [ RUN ] app\api\controller\wanlshop\Chat->state[ /www/wwwroot/www.fdadeal.com/application/api/controller/wanlshop/Chat.php ]
[ info ] [ LOG ] INIT File
---------------------------------------------------------------
[ 2022-06-14T23:58:28+08:00 ] 183.251.161.8 GET www.fdadeal.com/api/wanlshop/chat/state
[运行时间：0.052079s] [吞吐率：19.20req/s] [内存消耗：4,299.09kb] [文件加载：144]
[ info ] [ BEHAVIOR ] Run Closure @app_init [ RunTime:0.000014s ]
[ info ] [ CACHE ] INIT File
[ info ] [ BEHAVIOR ] Run \addons\alioss\Alioss @app_init [ RunTime:0.001913s ]
[ info ] [ BEHAVIOR ] Run \addons\wanlshop\Wanlshop @app_init [ RunTime:0.000673s ]
[ info ] [ BEHAVIOR ] Run Closure @app_init [ RunTime:0.000690s ]
[ info ] [ LANG ] /www/wwwroot/www.fdadeal.com/thinkphp/lang/zh-cn.php
[ info ] [ BEHAVIOR ] Run app\common\behavior\Common @app_dispatch [ RunTime:0.000210s ]
[ info ] [ ROUTE ] array (
  'type' => 'module',
  'module' => 
  array (
    0 => 'api',
    1 => 'wanlshop.chat',
    2 => 'state',
  ),
)
[ info ] [ HEADER ] array (
  'cookie' => 'think_var=zh-cn; keeplogin=1%7C86400%7C1655030943%7Cccfe8ac487ecb3c0a8e771d739808b7e; token=9350100b-03f2-4725-8211-d8b24a668171; uid=258',
  'accept-encoding' => 'gzip, deflate, br',
  'accept-language' => 'zh-CN,zh;q=0.9',
  'user-agent' => 'Mozilla/5.0 (iPhone; CPU iPhone OS 14_7 like Mac OS X) AppleWebKit/605.1.15 (KHTML, like Gecko) CriOS/98.0.4758.97 Mobile/15E148 Safari/604.1',
  'token' => 'cc05e4ac-a487-4d8d-a21a-ff15b4f13180',
  'referer' => 'https://www.fdadeal.com/pages/user/user',
  'content-type' => 'application/json;charset=UTF-8',
  'accept' => '*/*',
  'host' => 'www.fdadeal.com',
  'content-length' => '',
)
[ info ] [ PARAM ] array (
)
[ info ] [ LANG ] /www/wwwroot/www.fdadeal.com/public/../application/api/lang/zh-cn.php
[ info ] [ BEHAVIOR ] Run app\common\behavior\Common @module_init [ RunTime:0.000985s ]
[ info ] [ TOKEN ] INIT Mysql
[ info ] [ DB ] INIT mysql
[ info ] [ BEHAVIOR ] Run \addons\alioss\Alioss @upload_config_init [ RunTime:0.000319s ]
[ info ] [ RUN ] app\api\controller\wanlshop\Chat->state[ /www/wwwroot/www.fdadeal.com/application/api/controller/wanlshop/Chat.php ]
[ info ] [ LOG ] INIT File
---------------------------------------------------------------
[ 2022-06-14T23:58:28+08:00 ] 183.251.161.8 GET www.fdadeal.com/api/wanlshop/chat/lists
[运行时间：0.068357s] [吞吐率：14.63req/s] [内存消耗：4,334.37kb] [文件加载：148]
[ info ] [ BEHAVIOR ] Run Closure @app_init [ RunTime:0.000015s ]
[ info ] [ CACHE ] INIT File
[ info ] [ BEHAVIOR ] Run \addons\alioss\Alioss @app_init [ RunTime:0.001938s ]
[ info ] [ BEHAVIOR ] Run \addons\wanlshop\Wanlshop @app_init [ RunTime:0.000701s ]
[ info ] [ BEHAVIOR ] Run Closure @app_init [ RunTime:0.000719s ]
[ info ] [ LANG ] /www/wwwroot/www.fdadeal.com/thinkphp/lang/zh-cn.php
[ info ] [ BEHAVIOR ] Run app\common\behavior\Common @app_dispatch [ RunTime:0.000213s ]
[ info ] [ ROUTE ] array (
  'type' => 'module',
  'module' => 
  array (
    0 => 'api',
    1 => 'wanlshop.chat',
    2 => 'lists',
  ),
)
[ info ] [ HEADER ] array (
  'cookie' => 'think_var=zh-cn; keeplogin=1%7C86400%7C1655030943%7Cccfe8ac487ecb3c0a8e771d739808b7e; token=9350100b-03f2-4725-8211-d8b24a668171; uid=258',
  'accept-encoding' => 'gzip, deflate, br',
  'accept-language' => 'zh-CN,zh;q=0.9',
  'user-agent' => 'Mozilla/5.0 (iPhone; CPU iPhone OS 14_7 like Mac OS X) AppleWebKit/605.1.15 (KHTML, like Gecko) CriOS/98.0.4758.97 Mobile/15E148 Safari/604.1',
  'token' => 'cc05e4ac-a487-4d8d-a21a-ff15b4f13180',
  'referer' => 'https://www.fdadeal.com/pages/user/user',
  'content-type' => 'application/json;charset=UTF-8',
  'accept' => '*/*',
  'host' => 'www.fdadeal.com',
  'content-length' => '',
)
[ info ] [ PARAM ] array (
)
[ info ] [ LANG ] /www/wwwroot/www.fdadeal.com/public/../application/api/lang/zh-cn.php
[ info ] [ BEHAVIOR ] Run app\common\behavior\Common @module_init [ RunTime:0.001001s ]
[ info ] [ TOKEN ] INIT Mysql
[ info ] [ DB ] INIT mysql
[ info ] [ BEHAVIOR ] Run \addons\alioss\Alioss @upload_config_init [ RunTime:0.000274s ]
[ info ] [ RUN ] app\api\controller\wanlshop\Chat->lists[ /www/wwwroot/www.fdadeal.com/application/api/controller/wanlshop/Chat.php ]
[ info ] [ LOG ] INIT File
---------------------------------------------------------------
[ 2022-06-14T23:58:28+08:00 ] 183.251.161.8 GET www.fdadeal.com/api/wanlshop/order/getOrderList?state=3&page=1
[运行时间：0.101314s] [吞吐率：9.87req/s] [内存消耗：4,466.12kb] [文件加载：153]
[ info ] [ BEHAVIOR ] Run Closure @app_init [ RunTime:0.000014s ]
[ info ] [ CACHE ] INIT File
[ info ] [ BEHAVIOR ] Run \addons\alioss\Alioss @app_init [ RunTime:0.002040s ]
[ info ] [ BEHAVIOR ] Run \addons\wanlshop\Wanlshop @app_init [ RunTime:0.000708s ]
[ info ] [ BEHAVIOR ] Run Closure @app_init [ RunTime:0.000725s ]
[ info ] [ LANG ] /www/wwwroot/www.fdadeal.com/thinkphp/lang/zh-cn.php
[ info ] [ BEHAVIOR ] Run app\common\behavior\Common @app_dispatch [ RunTime:0.000223s ]
[ info ] [ ROUTE ] array (
  'type' => 'module',
  'module' => 
  array (
    0 => 'api',
    1 => 'wanlshop.order',
    2 => 'getOrderList',
  ),
)
[ info ] [ HEADER ] array (
  'cookie' => 'think_var=zh-cn; keeplogin=1%7C86400%7C1655030943%7Cccfe8ac487ecb3c0a8e771d739808b7e; token=9350100b-03f2-4725-8211-d8b24a668171; uid=258',
  'accept-encoding' => 'gzip, deflate, br',
  'accept-language' => 'zh-CN,zh;q=0.9',
  'user-agent' => 'Mozilla/5.0 (iPhone; CPU iPhone OS 14_7 like Mac OS X) AppleWebKit/605.1.15 (KHTML, like Gecko) CriOS/98.0.4758.97 Mobile/15E148 Safari/604.1',
  'token' => 'cc05e4ac-a487-4d8d-a21a-ff15b4f13180',
  'referer' => 'https://www.fdadeal.com/pages/user/order/order?state=3',
  'content-type' => 'application/json;charset=UTF-8',
  'accept' => '*/*',
  'host' => 'www.fdadeal.com',
  'content-length' => '',
)
[ info ] [ PARAM ] array (
  'state' => '3',
  'page' => '1',
)
[ info ] [ LANG ] /www/wwwroot/www.fdadeal.com/public/../application/api/lang/zh-cn.php
[ info ] [ BEHAVIOR ] Run app\common\behavior\Common @module_init [ RunTime:0.001022s ]
[ info ] [ TOKEN ] INIT Mysql
[ info ] [ DB ] INIT mysql
[ info ] [ BEHAVIOR ] Run \addons\alioss\Alioss @upload_config_init [ RunTime:0.000290s ]
[ info ] [ RUN ] app\api\controller\wanlshop\Order->getOrderList[ /www/wwwroot/www.fdadeal.com/application/api/controller/wanlshop/Order.php ]
[ info ] [ LOG ] INIT File
---------------------------------------------------------------
[ 2022-06-14T23:58:28+08:00 ] 183.251.161.8 GET www.fdadeal.com/api/wanlshop/chat/state
[运行时间：0.051187s] [吞吐率：19.54req/s] [内存消耗：4,299.12kb] [文件加载：144]
[ info ] [ BEHAVIOR ] Run Closure @app_init [ RunTime:0.000047s ]
[ info ] [ CACHE ] INIT File
[ info ] [ BEHAVIOR ] Run \addons\alioss\Alioss @app_init [ RunTime:0.002022s ]
[ info ] [ BEHAVIOR ] Run \addons\wanlshop\Wanlshop @app_init [ RunTime:0.000685s ]
[ info ] [ BEHAVIOR ] Run Closure @app_init [ RunTime:0.000702s ]
[ info ] [ LANG ] /www/wwwroot/www.fdadeal.com/thinkphp/lang/zh-cn.php
[ info ] [ BEHAVIOR ] Run app\common\behavior\Common @app_dispatch [ RunTime:0.000211s ]
[ info ] [ ROUTE ] array (
  'type' => 'module',
  'module' => 
  array (
    0 => 'api',
    1 => 'wanlshop.chat',
    2 => 'state',
  ),
)
[ info ] [ HEADER ] array (
  'cookie' => 'think_var=zh-cn; keeplogin=1%7C86400%7C1655030943%7Cccfe8ac487ecb3c0a8e771d739808b7e; token=9350100b-03f2-4725-8211-d8b24a668171; uid=258',
  'accept-encoding' => 'gzip, deflate, br',
  'accept-language' => 'zh-CN,zh;q=0.9',
  'user-agent' => 'Mozilla/5.0 (iPhone; CPU iPhone OS 14_7 like Mac OS X) AppleWebKit/605.1.15 (KHTML, like Gecko) CriOS/98.0.4758.97 Mobile/15E148 Safari/604.1',
  'token' => 'cc05e4ac-a487-4d8d-a21a-ff15b4f13180',
  'referer' => 'https://www.fdadeal.com/pages/user/order/order?state=3',
  'content-type' => 'application/json;charset=UTF-8',
  'accept' => '*/*',
  'host' => 'www.fdadeal.com',
  'content-length' => '',
)
[ info ] [ PARAM ] array (
)
[ info ] [ LANG ] /www/wwwroot/www.fdadeal.com/public/../application/api/lang/zh-cn.php
[ info ] [ BEHAVIOR ] Run app\common\behavior\Common @module_init [ RunTime:0.000992s ]
[ info ] [ TOKEN ] INIT Mysql
[ info ] [ DB ] INIT mysql
[ info ] [ BEHAVIOR ] Run \addons\alioss\Alioss @upload_config_init [ RunTime:0.000303s ]
[ info ] [ RUN ] app\api\controller\wanlshop\Chat->state[ /www/wwwroot/www.fdadeal.com/application/api/controller/wanlshop/Chat.php ]
[ info ] [ LOG ] INIT File
---------------------------------------------------------------
[ 2022-06-14T23:58:29+08:00 ] 183.251.161.8 GET www.fdadeal.com/api/wanlshop/chat/lists
[运行时间：0.066521s] [吞吐率：15.03req/s] [内存消耗：4,334.40kb] [文件加载：148]
[ info ] [ BEHAVIOR ] Run Closure @app_init [ RunTime:0.000014s ]
[ info ] [ CACHE ] INIT File
[ info ] [ BEHAVIOR ] Run \addons\alioss\Alioss @app_init [ RunTime:0.002015s ]
[ info ] [ BEHAVIOR ] Run \addons\wanlshop\Wanlshop @app_init [ RunTime:0.000696s ]
[ info ] [ BEHAVIOR ] Run Closure @app_init [ RunTime:0.000713s ]
[ info ] [ LANG ] /www/wwwroot/www.fdadeal.com/thinkphp/lang/zh-cn.php
[ info ] [ BEHAVIOR ] Run app\common\behavior\Common @app_dispatch [ RunTime:0.000220s ]
[ info ] [ ROUTE ] array (
  'type' => 'module',
  'module' => 
  array (
    0 => 'api',
    1 => 'wanlshop.chat',
    2 => 'lists',
  ),
)
[ info ] [ HEADER ] array (
  'cookie' => 'think_var=zh-cn; keeplogin=1%7C86400%7C1655030943%7Cccfe8ac487ecb3c0a8e771d739808b7e; token=9350100b-03f2-4725-8211-d8b24a668171; uid=258',
  'accept-encoding' => 'gzip, deflate, br',
  'accept-language' => 'zh-CN,zh;q=0.9',
  'user-agent' => 'Mozilla/5.0 (iPhone; CPU iPhone OS 14_7 like Mac OS X) AppleWebKit/605.1.15 (KHTML, like Gecko) CriOS/98.0.4758.97 Mobile/15E148 Safari/604.1',
  'token' => 'cc05e4ac-a487-4d8d-a21a-ff15b4f13180',
  'referer' => 'https://www.fdadeal.com/pages/user/order/order?state=3',
  'content-type' => 'application/json;charset=UTF-8',
  'accept' => '*/*',
  'host' => 'www.fdadeal.com',
  'content-length' => '',
)
[ info ] [ PARAM ] array (
)
[ info ] [ LANG ] /www/wwwroot/www.fdadeal.com/public/../application/api/lang/zh-cn.php
[ info ] [ BEHAVIOR ] Run app\common\behavior\Common @module_init [ RunTime:0.001014s ]
[ info ] [ TOKEN ] INIT Mysql
[ info ] [ DB ] INIT mysql
[ info ] [ BEHAVIOR ] Run \addons\alioss\Alioss @upload_config_init [ RunTime:0.000257s ]
[ info ] [ RUN ] app\api\controller\wanlshop\Chat->lists[ /www/wwwroot/www.fdadeal.com/application/api/controller/wanlshop/Chat.php ]
[ info ] [ LOG ] INIT File
---------------------------------------------------------------
[ 2022-06-14T23:58:29+08:00 ] 183.251.161.8 GET www.fdadeal.com/api/wanlshop/chat/state
[运行时间：0.051268s] [吞吐率：19.51req/s] [内存消耗：4,299.12kb] [文件加载：144]
[ info ] [ BEHAVIOR ] Run Closure @app_init [ RunTime:0.000013s ]
[ info ] [ CACHE ] INIT File
[ info ] [ BEHAVIOR ] Run \addons\alioss\Alioss @app_init [ RunTime:0.001887s ]
[ info ] [ BEHAVIOR ] Run \addons\wanlshop\Wanlshop @app_init [ RunTime:0.000685s ]
[ info ] [ BEHAVIOR ] Run Closure @app_init [ RunTime:0.000703s ]
[ info ] [ LANG ] /www/wwwroot/www.fdadeal.com/thinkphp/lang/zh-cn.php
[ info ] [ BEHAVIOR ] Run app\common\behavior\Common @app_dispatch [ RunTime:0.000231s ]
[ info ] [ ROUTE ] array (
  'type' => 'module',
  'module' => 
  array (
    0 => 'api',
    1 => 'wanlshop.chat',
    2 => 'state',
  ),
)
[ info ] [ HEADER ] array (
  'cookie' => 'think_var=zh-cn; keeplogin=1%7C86400%7C1655030943%7Cccfe8ac487ecb3c0a8e771d739808b7e; token=9350100b-03f2-4725-8211-d8b24a668171; uid=258',
  'accept-encoding' => 'gzip, deflate, br',
  'accept-language' => 'zh-CN,zh;q=0.9',
  'user-agent' => 'Mozilla/5.0 (iPhone; CPU iPhone OS 14_7 like Mac OS X) AppleWebKit/605.1.15 (KHTML, like Gecko) CriOS/98.0.4758.97 Mobile/15E148 Safari/604.1',
  'token' => 'cc05e4ac-a487-4d8d-a21a-ff15b4f13180',
  'referer' => 'https://www.fdadeal.com/pages/user/order/order?state=3',
  'content-type' => 'application/json;charset=UTF-8',
  'accept' => '*/*',
  'host' => 'www.fdadeal.com',
  'content-length' => '',
)
[ info ] [ PARAM ] array (
)
[ info ] [ LANG ] /www/wwwroot/www.fdadeal.com/public/../application/api/lang/zh-cn.php
[ info ] [ BEHAVIOR ] Run app\common\behavior\Common @module_init [ RunTime:0.000976s ]
[ info ] [ TOKEN ] INIT Mysql
[ info ] [ DB ] INIT mysql
[ info ] [ BEHAVIOR ] Run \addons\alioss\Alioss @upload_config_init [ RunTime:0.000270s ]
[ info ] [ RUN ] app\api\controller\wanlshop\Chat->state[ /www/wwwroot/www.fdadeal.com/application/api/controller/wanlshop/Chat.php ]
[ info ] [ LOG ] INIT File
---------------------------------------------------------------
[ 2022-06-14T23:58:36+08:00 ] 211.97.126.223 POST www.fdadeal.com/api/wanlshop/shipping/index
[运行时间：0.037718s] [吞吐率：26.51req/s] [内存消耗：3,931.55kb] [文件加载：142]
[ info ] [ BEHAVIOR ] Run Closure @app_init [ RunTime:0.000014s ]
[ info ] [ CACHE ] INIT File
[ info ] [ BEHAVIOR ] Run \addons\alioss\Alioss @app_init [ RunTime:0.001962s ]
[ info ] [ BEHAVIOR ] Run \addons\wanlshop\Wanlshop @app_init [ RunTime:0.000684s ]
[ info ] [ BEHAVIOR ] Run Closure @app_init [ RunTime:0.000706s ]
[ info ] [ LANG ] /www/wwwroot/www.fdadeal.com/thinkphp/lang/zh-cn.php
[ info ] [ BEHAVIOR ] Run app\common\behavior\Common @app_dispatch [ RunTime:0.000210s ]
[ info ] [ ROUTE ] array (
  'type' => 'module',
  'module' => 
  array (
    0 => 'api',
    1 => 'wanlshop.shipping',
    2 => 'index',
  ),
)
[ info ] [ HEADER ] array (
  'content-length' => '39',
  'connection' => 'keep-alive',
  'accept-encoding' => 'gzip, deflate, br',
  'host' => 'www.fdadeal.com',
  'postman-token' => 'd5fd3917-9ab4-48b8-94dc-e245e780cdc8',
  'accept' => '*/*',
  'user-agent' => 'PostmanRuntime/7.29.0',
  'content-type' => 'application/json',
)
[ info ] [ PARAM ] array (
  'sid' => '123',
  'oid' => '456',
)
[ info ] [ LANG ] /www/wwwroot/www.fdadeal.com/public/../application/api/lang/zh-cn.php
[ info ] [ BEHAVIOR ] Run app\common\behavior\Common @module_init [ RunTime:0.000986s ]
[ info ] [ BEHAVIOR ] Run \addons\alioss\Alioss @upload_config_init [ RunTime:0.000271s ]
[ info ] [ RUN ] app\api\controller\wanlshop\Shipping->index[ /www/wwwroot/www.fdadeal.com/application/api/controller/wanlshop/Shipping.php ]
[ info ] [ DB ] INIT mysql
[ info ] [ LOG ] INIT File
[ error ] [8]未定義變量: oid[/www/wwwroot/www.fdadeal.com/application/api/controller/wanlshop/Shipping.php:61]
---------------------------------------------------------------
[ 2022-06-14T23:58:37+08:00 ] 183.251.161.8 POST www.fdadeal.com/api/wanlshop/order/getOrderGoodsList
[运行时间：0.088626s] [吞吐率：11.28req/s] [内存消耗：4,406.50kb] [文件加载：151]
[ info ] [ BEHAVIOR ] Run Closure @app_init [ RunTime:0.000014s ]
[ info ] [ CACHE ] INIT File
[ info ] [ BEHAVIOR ] Run \addons\alioss\Alioss @app_init [ RunTime:0.001965s ]
[ info ] [ BEHAVIOR ] Run \addons\wanlshop\Wanlshop @app_init [ RunTime:0.000696s ]
[ info ] [ BEHAVIOR ] Run Closure @app_init [ RunTime:0.000718s ]
[ info ] [ LANG ] /www/wwwroot/www.fdadeal.com/thinkphp/lang/zh-cn.php
[ info ] [ BEHAVIOR ] Run app\common\behavior\Common @app_dispatch [ RunTime:0.000220s ]
[ info ] [ ROUTE ] array (
  'type' => 'module',
  'module' => 
  array (
    0 => 'api',
    1 => 'wanlshop.order',
    2 => 'getOrderGoodsList',
  ),
)
[ info ] [ HEADER ] array (
  'cookie' => 'think_var=zh-cn; keeplogin=1%7C86400%7C1655030943%7Cccfe8ac487ecb3c0a8e771d739808b7e; token=9350100b-03f2-4725-8211-d8b24a668171; uid=258',
  'referer' => 'https://www.fdadeal.com/pages/user/order/addorder?type=cart&data=%5B%7B%22goods_id%22%3A415,%22number%22%3A1,%22sku_id%22%3A1710%7D%5D',
  'user-agent' => 'Mozilla/5.0 (iPhone; CPU iPhone OS 14_7 like Mac OS X) AppleWebKit/605.1.15 (KHTML, like Gecko) CriOS/98.0.4758.97 Mobile/15E148 Safari/604.1',
  'content-length' => '43',
  'origin' => 'https://www.fdadeal.com',
  'token' => 'cc05e4ac-a487-4d8d-a21a-ff15b4f13180',
  'accept-language' => 'zh-CN,zh;q=0.9',
  'accept-encoding' => 'gzip, deflate, br',
  'accept' => '*/*',
  'content-type' => 'application/json;charset=UTF-8',
  'host' => 'www.fdadeal.com',
)
[ info ] [ PARAM ] array (
  0 => 
  array (
    'goods_id' => 415,
    'number' => 1,
    'sku_id' => 1710,
  ),
)
[ info ] [ LANG ] /www/wwwroot/www.fdadeal.com/public/../application/api/lang/zh-cn.php
[ info ] [ BEHAVIOR ] Run app\common\behavior\Common @module_init [ RunTime:0.000991s ]
[ info ] [ TOKEN ] INIT Mysql
[ info ] [ DB ] INIT mysql
[ info ] [ BEHAVIOR ] Run \addons\alioss\Alioss @upload_config_init [ RunTime:0.000264s ]
[ info ] [ RUN ] app\api\controller\wanlshop\Order->getOrderGoodsList[ /www/wwwroot/www.fdadeal.com/application/api/controller/wanlshop/Order.php ]
[ info ] [ LOG ] INIT File
---------------------------------------------------------------
[ 2022-06-14T23:58:39+08:00 ] 183.251.161.8 POST www.fdadeal.com/api/wanlshop/order/addOrder
[运行时间：0.113921s] [吞吐率：8.78req/s] [内存消耗：4,417.86kb] [文件加载：152]
[ info ] [ BEHAVIOR ] Run Closure @app_init [ RunTime:0.000014s ]
[ info ] [ CACHE ] INIT File
[ info ] [ BEHAVIOR ] Run \addons\alioss\Alioss @app_init [ RunTime:0.001930s ]
[ info ] [ BEHAVIOR ] Run \addons\wanlshop\Wanlshop @app_init [ RunTime:0.000685s ]
[ info ] [ BEHAVIOR ] Run Closure @app_init [ RunTime:0.000702s ]
[ info ] [ LANG ] /www/wwwroot/www.fdadeal.com/thinkphp/lang/zh-cn.php
[ info ] [ BEHAVIOR ] Run app\common\behavior\Common @app_dispatch [ RunTime:0.000219s ]
[ info ] [ ROUTE ] array (
  'type' => 'module',
  'module' => 
  array (
    0 => 'api',
    1 => 'wanlshop.order',
    2 => 'addOrder',
  ),
)
[ info ] [ HEADER ] array (
  'cookie' => 'think_var=zh-cn; keeplogin=1%7C86400%7C1655030943%7Cccfe8ac487ecb3c0a8e771d739808b7e; token=9350100b-03f2-4725-8211-d8b24a668171; uid=258',
  'referer' => 'https://www.fdadeal.com/pages/user/order/addorder?type=cart&data=%5B%7B%22goods_id%22%3A415,%22number%22%3A1,%22sku_id%22%3A1710%7D%5D',
  'user-agent' => 'Mozilla/5.0 (iPhone; CPU iPhone OS 14_7 like Mac OS X) AppleWebKit/605.1.15 (KHTML, like Gecko) CriOS/98.0.4758.97 Mobile/15E148 Safari/604.1',
  'content-length' => '158',
  'origin' => 'https://www.fdadeal.com',
  'token' => 'cc05e4ac-a487-4d8d-a21a-ff15b4f13180',
  'accept-language' => 'zh-CN,zh;q=0.9',
  'accept-encoding' => 'gzip, deflate, br',
  'accept' => '*/*',
  'content-type' => 'application/json;charset=UTF-8',
  'host' => 'www.fdadeal.com',
)
[ info ] [ PARAM ] array (
  'order' => 
  array (
    'lists' => 
    array (
      0 => 
      array (
        'shop_id' => 27,
        'wholesale_id' => 4358,
        'products' => 
        array (
          0 => 
          array (
            'goods_id' => 415,
            'number' => '1',
            'sku_id' => 1710,
            'freight_id' => 3,
          ),
        ),
        'coupon_id' => 0,
      ),
    ),
    'address_id' => 26,
  ),
)
[ info ] [ LANG ] /www/wwwroot/www.fdadeal.com/public/../application/api/lang/zh-cn.php
[ info ] [ BEHAVIOR ] Run app\common\behavior\Common @module_init [ RunTime:0.001016s ]
[ info ] [ TOKEN ] INIT Mysql
[ info ] [ DB ] INIT mysql
[ info ] [ BEHAVIOR ] Run \addons\alioss\Alioss @upload_config_init [ RunTime:0.000253s ]
[ info ] [ RUN ] app\api\controller\wanlshop\Order->addOrder[ /www/wwwroot/www.fdadeal.com/application/api/controller/wanlshop/Order.php ]
[ info ] [ LOG ] INIT File
---------------------------------------------------------------
[ 2022-06-14T23:58:40+08:00 ] 183.251.161.8 POST www.fdadeal.com/api/wanlshop/cart/storage
[运行时间：0.057099s] [吞吐率：17.51req/s] [内存消耗：3,966.55kb] [文件加载：142]
[ info ] [ BEHAVIOR ] Run Closure @app_init [ RunTime:0.000016s ]
[ info ] [ CACHE ] INIT File
[ info ] [ BEHAVIOR ] Run \addons\alioss\Alioss @app_init [ RunTime:0.002043s ]
[ info ] [ BEHAVIOR ] Run \addons\wanlshop\Wanlshop @app_init [ RunTime:0.000671s ]
[ info ] [ BEHAVIOR ] Run Closure @app_init [ RunTime:0.000688s ]
[ info ] [ LANG ] /www/wwwroot/www.fdadeal.com/thinkphp/lang/zh-cn.php
[ info ] [ BEHAVIOR ] Run app\common\behavior\Common @app_dispatch [ RunTime:0.000225s ]
[ info ] [ ROUTE ] array (
  'type' => 'module',
  'module' => 
  array (
    0 => 'api',
    1 => 'wanlshop.cart',
    2 => 'storage',
  ),
)
[ info ] [ HEADER ] array (
  'cookie' => 'think_var=zh-cn; keeplogin=1%7C86400%7C1655030943%7Cccfe8ac487ecb3c0a8e771d739808b7e; token=9350100b-03f2-4725-8211-d8b24a668171; uid=258',
  'referer' => 'https://www.fdadeal.com/pages/user/order/addorder?type=cart&data=%5B%7B%22goods_id%22%3A415,%22number%22%3A1,%22sku_id%22%3A1710%7D%5D',
  'user-agent' => 'Mozilla/5.0 (iPhone; CPU iPhone OS 14_7 like Mac OS X) AppleWebKit/605.1.15 (KHTML, like Gecko) CriOS/98.0.4758.97 Mobile/15E148 Safari/604.1',
  'content-length' => '613',
  'origin' => 'https://www.fdadeal.com',
  'token' => 'cc05e4ac-a487-4d8d-a21a-ff15b4f13180',
  'accept-language' => 'zh-CN,zh;q=0.9',
  'accept-encoding' => 'gzip, deflate, br',
  'accept' => '*/*',
  'content-type' => 'application/json;charset=UTF-8',
  'host' => 'www.fdadeal.com',
)
[ info ] [ PARAM ] array (
  'type' => 'del',
  'data' => 
  array (
    0 => 
    array (
      'shop_id' => 27,
      'shop_name' => 'CasosnBC',
      'goods_id' => 415,
      'title' => 'Nutricost オオバコ殻 500mg、1瓶分当たり - 500カプセル、1食分あたり - 3カプセル (1500mg)、非GMO、グルテンフリー',
      'number' => 1,
      'image' => '/uploads/20211027/4edb3a3336507106cc82fff12b3191d8.jpg',
      'sku' => 
      array (
        'id' => 1710,
        'goods_id' => 415,
        'difference' => 
        array (
          0 => '1',
        ),
        'price' => '2610',
        'market_price' => '3450',
        'wholesale_price' => '2333',
        'stock' => 10000,
        'weigh' => 1710,
        'sn' => 'JP685325',
        'sales' => 0,
        'state' => '0',
        'createtime' => 1654178113,
        'updatetime' => 1654178113,
        'deletetime' => NULL,
        'status' => 'normal',
      ),
      'sku_id' => 1710,
      'sum' => '2610',
      'checked' => true,
    ),
  ),
)
[ info ] [ LANG ] /www/wwwroot/www.fdadeal.com/public/../application/api/lang/zh-cn.php
[ info ] [ BEHAVIOR ] Run app\common\behavior\Common @module_init [ RunTime:0.000999s ]
[ info ] [ TOKEN ] INIT Mysql
[ info ] [ DB ] INIT mysql
[ info ] [ BEHAVIOR ] Run \addons\alioss\Alioss @upload_config_init [ RunTime:0.000269s ]
[ info ] [ RUN ] app\api\controller\wanlshop\Cart->storage[ /www/wwwroot/www.fdadeal.com/application/api/controller/wanlshop/Cart.php ]
[ info ] [ LOG ] INIT File
---------------------------------------------------------------
[ 2022-06-14T23:58:42+08:00 ] 183.251.161.8 POST www.fdadeal.com/api/wanlshop/pay/getBalance
[运行时间：0.053124s] [吞吐率：18.82req/s] [内存消耗：4,051.58kb] [文件加载：141]
[ info ] [ BEHAVIOR ] Run Closure @app_init [ RunTime:0.000015s ]
[ info ] [ CACHE ] INIT File
[ info ] [ BEHAVIOR ] Run \addons\alioss\Alioss @app_init [ RunTime:0.001996s ]
[ info ] [ BEHAVIOR ] Run \addons\wanlshop\Wanlshop @app_init [ RunTime:0.000716s ]
[ info ] [ BEHAVIOR ] Run Closure @app_init [ RunTime:0.000733s ]
[ info ] [ LANG ] /www/wwwroot/www.fdadeal.com/thinkphp/lang/zh-cn.php
[ info ] [ BEHAVIOR ] Run app\common\behavior\Common @app_dispatch [ RunTime:0.000237s ]
[ info ] [ ROUTE ] array (
  'type' => 'module',
  'module' => 
  array (
    0 => 'api',
    1 => 'wanlshop.pay',
    2 => 'getBalance',
  ),
)
[ info ] [ HEADER ] array (
  'cookie' => 'think_var=zh-cn; keeplogin=1%7C86400%7C1655030943%7Cccfe8ac487ecb3c0a8e771d739808b7e; token=9350100b-03f2-4725-8211-d8b24a668171; uid=258',
  'referer' => 'https://www.fdadeal.com/pages/user/money/pay?data=%5B%7B%22user_id%22%3A261,%22shop_id%22%3A%2227%22,%22order_id%22%3A%2293%22,%22order_no%22%3A%225522231999527261%22,%22pay_no%22%3A%22202206142358399132225510256549%22,%22order_price%22%3A%222610.00%22,%22freight_price%22%3A0,%22coupon_price%22%3A0,%22discount_price%22%3A0,%22price%22%3A%222610.00%22,%22wholesale_price%22%3A%222333.00%22,%22number%22%3A1,%22createtime%22%3A1655222319,%22updatetime%22%3A1655222319,%22id%22%3A%2286%22%7D%5D',
  'user-agent' => 'Mozilla/5.0 (iPhone; CPU iPhone OS 14_7 like Mac OS X) AppleWebKit/605.1.15 (KHTML, like Gecko) CriOS/98.0.4758.97 Mobile/15E148 Safari/604.1',
  'content-length' => '2',
  'origin' => 'https://www.fdadeal.com',
  'token' => 'cc05e4ac-a487-4d8d-a21a-ff15b4f13180',
  'accept-language' => 'zh-CN,zh;q=0.9',
  'accept-encoding' => 'gzip, deflate, br',
  'accept' => '*/*',
  'content-type' => 'application/json;charset=UTF-8',
  'host' => 'www.fdadeal.com',
)
[ info ] [ PARAM ] array (
)
[ info ] [ LANG ] /www/wwwroot/www.fdadeal.com/public/../application/api/lang/zh-cn.php
[ info ] [ BEHAVIOR ] Run app\common\behavior\Common @module_init [ RunTime:0.001033s ]
[ info ] [ TOKEN ] INIT Mysql
[ info ] [ DB ] INIT mysql
[ info ] [ BEHAVIOR ] Run \addons\alioss\Alioss @upload_config_init [ RunTime:0.000292s ]
[ info ] [ RUN ] app\api\controller\wanlshop\Pay->getBalance[ /www/wwwroot/www.fdadeal.com/application/api/controller/wanlshop/Pay.php ]
[ info ] [ LOG ] INIT File
---------------------------------------------------------------
[ 2022-06-14T23:58:45+08:00 ] 183.251.161.8 POST www.fdadeal.com/api/wanlshop/pay/getpaypass
[运行时间：0.052356s] [吞吐率：19.10req/s] [内存消耗：4,052.30kb] [文件加载：141]
[ info ] [ BEHAVIOR ] Run Closure @app_init [ RunTime:0.000017s ]
[ info ] [ CACHE ] INIT File
[ info ] [ BEHAVIOR ] Run \addons\alioss\Alioss @app_init [ RunTime:0.002103s ]
[ info ] [ BEHAVIOR ] Run \addons\wanlshop\Wanlshop @app_init [ RunTime:0.000699s ]
[ info ] [ BEHAVIOR ] Run Closure @app_init [ RunTime:0.000717s ]
[ info ] [ LANG ] /www/wwwroot/www.fdadeal.com/thinkphp/lang/zh-cn.php
[ info ] [ BEHAVIOR ] Run app\common\behavior\Common @app_dispatch [ RunTime:0.000212s ]
[ info ] [ ROUTE ] array (
  'type' => 'module',
  'module' => 
  array (
    0 => 'api',
    1 => 'wanlshop.pay',
    2 => 'getpaypass',
  ),
)
[ info ] [ HEADER ] array (
  'cookie' => 'think_var=zh-cn; keeplogin=1%7C86400%7C1655030943%7Cccfe8ac487ecb3c0a8e771d739808b7e; token=9350100b-03f2-4725-8211-d8b24a668171; uid=258',
  'referer' => 'https://www.fdadeal.com/pages/user/money/pay?data=%5B%7B%22user_id%22%3A261,%22shop_id%22%3A%2227%22,%22order_id%22%3A%2293%22,%22order_no%22%3A%225522231999527261%22,%22pay_no%22%3A%22202206142358399132225510256549%22,%22order_price%22%3A%222610.00%22,%22freight_price%22%3A0,%22coupon_price%22%3A0,%22discount_price%22%3A0,%22price%22%3A%222610.00%22,%22wholesale_price%22%3A%222333.00%22,%22number%22%3A1,%22createtime%22%3A1655222319,%22updatetime%22%3A1655222319,%22id%22%3A%2286%22%7D%5D',
  'user-agent' => 'Mozilla/5.0 (iPhone; CPU iPhone OS 14_7 like Mac OS X) AppleWebKit/605.1.15 (KHTML, like Gecko) CriOS/98.0.4758.97 Mobile/15E148 Safari/604.1',
  'content-length' => '20',
  'origin' => 'https://www.fdadeal.com',
  'token' => 'cc05e4ac-a487-4d8d-a21a-ff15b4f13180',
  'accept-language' => 'zh-CN,zh;q=0.9',
  'accept-encoding' => 'gzip, deflate, br',
  'accept' => '*/*',
  'content-type' => 'application/json;charset=UTF-8',
  'host' => 'www.fdadeal.com',
)
[ info ] [ PARAM ] array (
  'captcha' => '123654',
)
[ info ] [ LANG ] /www/wwwroot/www.fdadeal.com/public/../application/api/lang/zh-cn.php
[ info ] [ BEHAVIOR ] Run app\common\behavior\Common @module_init [ RunTime:0.001084s ]
[ info ] [ TOKEN ] INIT Mysql
[ info ] [ DB ] INIT mysql
[ info ] [ BEHAVIOR ] Run \addons\alioss\Alioss @upload_config_init [ RunTime:0.000295s ]
[ info ] [ RUN ] app\api\controller\wanlshop\Pay->getpaypass[ /www/wwwroot/www.fdadeal.com/application/api/controller/wanlshop/Pay.php ]
[ info ] [ LOG ] INIT File
---------------------------------------------------------------
[ 2022-06-14T23:58:46+08:00 ] 183.251.161.8 POST www.fdadeal.com/api/wanlshop/pay/payment
[运行时间：0.051262s] [吞吐率：19.51req/s] [内存消耗：4,052.73kb] [文件加载：141]
[ info ] [ BEHAVIOR ] Run Closure @app_init [ RunTime:0.000016s ]
[ info ] [ CACHE ] INIT File
[ info ] [ BEHAVIOR ] Run \addons\alioss\Alioss @app_init [ RunTime:0.001979s ]
[ info ] [ BEHAVIOR ] Run \addons\wanlshop\Wanlshop @app_init [ RunTime:0.000691s ]
[ info ] [ BEHAVIOR ] Run Closure @app_init [ RunTime:0.000709s ]
[ info ] [ LANG ] /www/wwwroot/www.fdadeal.com/thinkphp/lang/zh-cn.php
[ info ] [ BEHAVIOR ] Run app\common\behavior\Common @app_dispatch [ RunTime:0.000219s ]
[ info ] [ ROUTE ] array (
  'type' => 'module',
  'module' => 
  array (
    0 => 'api',
    1 => 'wanlshop.pay',
    2 => 'payment',
  ),
)
[ info ] [ HEADER ] array (
  'cookie' => 'think_var=zh-cn; keeplogin=1%7C86400%7C1655030943%7Cccfe8ac487ecb3c0a8e771d739808b7e; token=9350100b-03f2-4725-8211-d8b24a668171; uid=258',
  'referer' => 'https://www.fdadeal.com/pages/user/money/pay?data=%5B%7B%22user_id%22%3A261,%22shop_id%22%3A%2227%22,%22order_id%22%3A%2293%22,%22order_no%22%3A%225522231999527261%22,%22pay_no%22%3A%22202206142358399132225510256549%22,%22order_price%22%3A%222610.00%22,%22freight_price%22%3A0,%22coupon_price%22%3A0,%22discount_price%22%3A0,%22price%22%3A%222610.00%22,%22wholesale_price%22%3A%222333.00%22,%22number%22%3A1,%22createtime%22%3A1655222319,%22updatetime%22%3A1655222319,%22id%22%3A%2286%22%7D%5D',
  'user-agent' => 'Mozilla/5.0 (iPhone; CPU iPhone OS 14_7 like Mac OS X) AppleWebKit/605.1.15 (KHTML, like Gecko) CriOS/98.0.4758.97 Mobile/15E148 Safari/604.1',
  'content-length' => '84',
  'origin' => 'https://www.fdadeal.com',
  'token' => 'cc05e4ac-a487-4d8d-a21a-ff15b4f13180',
  'accept-language' => 'zh-CN,zh;q=0.9',
  'accept-encoding' => 'gzip, deflate, br',
  'accept' => '*/*',
  'content-type' => 'application/json;charset=UTF-8',
  'host' => 'www.fdadeal.com',
)
[ info ] [ PARAM ] array (
  'type' => 'balance',
  'method' => 'balance',
  'captcha' => '123654',
  'code' => NULL,
  'order_id' => '93',
)
[ info ] [ LANG ] /www/wwwroot/www.fdadeal.com/public/../application/api/lang/zh-cn.php
[ info ] [ BEHAVIOR ] Run app\common\behavior\Common @module_init [ RunTime:0.000991s ]
[ info ] [ TOKEN ] INIT Mysql
[ info ] [ DB ] INIT mysql
[ info ] [ BEHAVIOR ] Run \addons\alioss\Alioss @upload_config_init [ RunTime:0.000283s ]
[ info ] [ RUN ] app\api\controller\wanlshop\Pay->payment[ /www/wwwroot/www.fdadeal.com/application/api/controller/wanlshop/Pay.php ]
[ info ] [ LOG ] INIT File
---------------------------------------------------------------
[ 2022-06-14T23:58:48+08:00 ] 211.97.126.223 POST www.fdadeal.com/api/wanlshop/shipping/index
[运行时间：0.043586s] [吞吐率：22.94req/s] [内存消耗：3,914.98kb] [文件加载：135]
[ info ] [ BEHAVIOR ] Run Closure @app_init [ RunTime:0.000016s ]
[ info ] [ CACHE ] INIT File
[ info ] [ BEHAVIOR ] Run \addons\alioss\Alioss @app_init [ RunTime:0.001901s ]
[ info ] [ BEHAVIOR ] Run \addons\wanlshop\Wanlshop @app_init [ RunTime:0.000677s ]
[ info ] [ BEHAVIOR ] Run Closure @app_init [ RunTime:0.000693s ]
[ info ] [ LANG ] /www/wwwroot/www.fdadeal.com/thinkphp/lang/zh-cn.php
[ info ] [ BEHAVIOR ] Run app\common\behavior\Common @app_dispatch [ RunTime:0.000210s ]
[ info ] [ ROUTE ] array (
  'type' => 'module',
  'module' => 
  array (
    0 => 'api',
    1 => 'wanlshop.shipping',
    2 => 'index',
  ),
)
[ info ] [ HEADER ] array (
  'content-length' => '39',
  'connection' => 'keep-alive',
  'accept-encoding' => 'gzip, deflate, br',
  'host' => 'www.fdadeal.com',
  'postman-token' => '559f52b9-9777-45af-94ba-14784767d78e',
  'accept' => '*/*',
  'user-agent' => 'PostmanRuntime/7.29.0',
  'content-type' => 'application/json',
)
[ info ] [ PARAM ] array (
  'sid' => '123',
  'oid' => '456',
)
[ info ] [ LANG ] /www/wwwroot/www.fdadeal.com/public/../application/api/lang/zh-cn.php
[ info ] [ BEHAVIOR ] Run app\common\behavior\Common @module_init [ RunTime:0.001016s ]
[ info ] [ BEHAVIOR ] Run \addons\alioss\Alioss @upload_config_init [ RunTime:0.000293s ]
[ info ] [ RUN ] app\api\controller\wanlshop\Shipping->index[ /www/wwwroot/www.fdadeal.com/application/api/controller/wanlshop/Shipping.php ]
[ info ] [ DB ] INIT mysql
[ info ] [ LOG ] INIT File
---------------------------------------------------------------
[ 2022-06-14T23:58:52+08:00 ] 183.251.161.8 POST www.fdadeal.com/api/wanlshop/pay/getpaypass
[运行时间：0.051227s] [吞吐率：19.52req/s] [内存消耗：4,052.30kb] [文件加载：141]
[ info ] [ BEHAVIOR ] Run Closure @app_init [ RunTime:0.000014s ]
[ info ] [ CACHE ] INIT File
[ info ] [ BEHAVIOR ] Run \addons\alioss\Alioss @app_init [ RunTime:0.001974s ]
[ info ] [ BEHAVIOR ] Run \addons\wanlshop\Wanlshop @app_init [ RunTime:0.000666s ]
[ info ] [ BEHAVIOR ] Run Closure @app_init [ RunTime:0.000683s ]
[ info ] [ LANG ] /www/wwwroot/www.fdadeal.com/thinkphp/lang/zh-cn.php
[ info ] [ BEHAVIOR ] Run app\common\behavior\Common @app_dispatch [ RunTime:0.000220s ]
[ info ] [ ROUTE ] array (
  'type' => 'module',
  'module' => 
  array (
    0 => 'api',
    1 => 'wanlshop.pay',
    2 => 'getpaypass',
  ),
)
[ info ] [ HEADER ] array (
  'cookie' => 'think_var=zh-cn; keeplogin=1%7C86400%7C1655030943%7Cccfe8ac487ecb3c0a8e771d739808b7e; token=9350100b-03f2-4725-8211-d8b24a668171; uid=258',
  'referer' => 'https://www.fdadeal.com/pages/user/money/pay?data=%5B%7B%22user_id%22%3A261,%22shop_id%22%3A%2227%22,%22order_id%22%3A%2293%22,%22order_no%22%3A%225522231999527261%22,%22pay_no%22%3A%22202206142358399132225510256549%22,%22order_price%22%3A%222610.00%22,%22freight_price%22%3A0,%22coupon_price%22%3A0,%22discount_price%22%3A0,%22price%22%3A%222610.00%22,%22wholesale_price%22%3A%222333.00%22,%22number%22%3A1,%22createtime%22%3A1655222319,%22updatetime%22%3A1655222319,%22id%22%3A%2286%22%7D%5D',
  'user-agent' => 'Mozilla/5.0 (iPhone; CPU iPhone OS 14_7 like Mac OS X) AppleWebKit/605.1.15 (KHTML, like Gecko) CriOS/98.0.4758.97 Mobile/15E148 Safari/604.1',
  'content-length' => '20',
  'origin' => 'https://www.fdadeal.com',
  'token' => 'cc05e4ac-a487-4d8d-a21a-ff15b4f13180',
  'accept-language' => 'zh-CN,zh;q=0.9',
  'accept-encoding' => 'gzip, deflate, br',
  'accept' => '*/*',
  'content-type' => 'application/json;charset=UTF-8',
  'host' => 'www.fdadeal.com',
)
[ info ] [ PARAM ] array (
  'captcha' => '123456',
)
[ info ] [ LANG ] /www/wwwroot/www.fdadeal.com/public/../application/api/lang/zh-cn.php
[ info ] [ BEHAVIOR ] Run app\common\behavior\Common @module_init [ RunTime:0.001011s ]
[ info ] [ TOKEN ] INIT Mysql
[ info ] [ DB ] INIT mysql
[ info ] [ BEHAVIOR ] Run \addons\alioss\Alioss @upload_config_init [ RunTime:0.000316s ]
[ info ] [ RUN ] app\api\controller\wanlshop\Pay->getpaypass[ /www/wwwroot/www.fdadeal.com/application/api/controller/wanlshop/Pay.php ]
[ info ] [ LOG ] INIT File
---------------------------------------------------------------
[ 2022-06-14T23:58:57+08:00 ] 183.251.161.8 POST www.fdadeal.com/api/wanlshop/order/addOrder
[运行时间：0.121372s] [吞吐率：8.24req/s] [内存消耗：4,417.86kb] [文件加载：152]
[ info ] [ BEHAVIOR ] Run Closure @app_init [ RunTime:0.000015s ]
[ info ] [ CACHE ] INIT File
[ info ] [ BEHAVIOR ] Run \addons\alioss\Alioss @app_init [ RunTime:0.002017s ]
[ info ] [ BEHAVIOR ] Run \addons\wanlshop\Wanlshop @app_init [ RunTime:0.000728s ]
[ info ] [ BEHAVIOR ] Run Closure @app_init [ RunTime:0.000780s ]
[ info ] [ LANG ] /www/wwwroot/www.fdadeal.com/thinkphp/lang/zh-cn.php
[ info ] [ BEHAVIOR ] Run app\common\behavior\Common @app_dispatch [ RunTime:0.000231s ]
[ info ] [ ROUTE ] array (
  'type' => 'module',
  'module' => 
  array (
    0 => 'api',
    1 => 'wanlshop.order',
    2 => 'addOrder',
  ),
)
[ info ] [ HEADER ] array (
  'cookie' => 'think_var=zh-cn; keeplogin=1%7C86400%7C1655030943%7Cccfe8ac487ecb3c0a8e771d739808b7e; token=9350100b-03f2-4725-8211-d8b24a668171; uid=258',
  'referer' => 'https://www.fdadeal.com/pages/user/order/addorder?type=cart&data=%5B%7B%22goods_id%22%3A415,%22number%22%3A1,%22sku_id%22%3A1710%7D%5D',
  'user-agent' => 'Mozilla/5.0 (iPhone; CPU iPhone OS 14_7 like Mac OS X) AppleWebKit/605.1.15 (KHTML, like Gecko) CriOS/98.0.4758.97 Mobile/15E148 Safari/604.1',
  'content-length' => '158',
  'origin' => 'https://www.fdadeal.com',
  'token' => 'cc05e4ac-a487-4d8d-a21a-ff15b4f13180',
  'accept-language' => 'zh-CN,zh;q=0.9',
  'accept-encoding' => 'gzip, deflate, br',
  'accept' => '*/*',
  'content-type' => 'application/json;charset=UTF-8',
  'host' => 'www.fdadeal.com',
)
[ info ] [ PARAM ] array (
  'order' => 
  array (
    'lists' => 
    array (
      0 => 
      array (
        'shop_id' => 27,
        'wholesale_id' => 4358,
        'products' => 
        array (
          0 => 
          array (
            'goods_id' => 415,
            'number' => '1',
            'sku_id' => 1710,
            'freight_id' => 3,
          ),
        ),
        'coupon_id' => 0,
      ),
    ),
    'address_id' => 26,
  ),
)
[ info ] [ LANG ] /www/wwwroot/www.fdadeal.com/public/../application/api/lang/zh-cn.php
[ info ] [ BEHAVIOR ] Run app\common\behavior\Common @module_init [ RunTime:0.001007s ]
[ info ] [ TOKEN ] INIT Mysql
[ info ] [ DB ] INIT mysql
[ info ] [ BEHAVIOR ] Run \addons\alioss\Alioss @upload_config_init [ RunTime:0.000268s ]
[ info ] [ RUN ] app\api\controller\wanlshop\Order->addOrder[ /www/wwwroot/www.fdadeal.com/application/api/controller/wanlshop/Order.php ]
[ info ] [ LOG ] INIT File
---------------------------------------------------------------
[ 2022-06-14T23:58:57+08:00 ] 183.251.161.8 POST www.fdadeal.com/api/wanlshop/pay/getBalance
[运行时间：0.066987s] [吞吐率：14.93req/s] [内存消耗：4,051.58kb] [文件加载：141]
[ info ] [ BEHAVIOR ] Run Closure @app_init [ RunTime:0.000022s ]
[ info ] [ CACHE ] INIT File
[ info ] [ BEHAVIOR ] Run \addons\alioss\Alioss @app_init [ RunTime:0.002838s ]
[ info ] [ BEHAVIOR ] Run \addons\wanlshop\Wanlshop @app_init [ RunTime:0.000990s ]
[ info ] [ BEHAVIOR ] Run Closure @app_init [ RunTime:0.001014s ]
[ info ] [ LANG ] /www/wwwroot/www.fdadeal.com/thinkphp/lang/zh-cn.php
[ info ] [ BEHAVIOR ] Run app\common\behavior\Common @app_dispatch [ RunTime:0.000322s ]
[ info ] [ ROUTE ] array (
  'type' => 'module',
  'module' => 
  array (
    0 => 'api',
    1 => 'wanlshop.pay',
    2 => 'getBalance',
  ),
)
[ info ] [ HEADER ] array (
  'cookie' => 'think_var=zh-cn; keeplogin=1%7C86400%7C1655030943%7Cccfe8ac487ecb3c0a8e771d739808b7e; token=9350100b-03f2-4725-8211-d8b24a668171; uid=258',
  'referer' => 'https://www.fdadeal.com/pages/user/money/pay?data=%5B%7B%22user_id%22%3A261,%22shop_id%22%3A%2227%22,%22order_id%22%3A%2294%22,%22order_no%22%3A%225522233755327261%22,%22pay_no%22%3A%22202206142358577332225549544956%22,%22order_price%22%3A%222610.00%22,%22freight_price%22%3A0,%22coupon_price%22%3A0,%22discount_price%22%3A0,%22price%22%3A%222610.00%22,%22wholesale_price%22%3A%222333.00%22,%22number%22%3A1,%22createtime%22%3A1655222337,%22updatetime%22%3A1655222337,%22id%22%3A%2287%22%7D%5D',
  'user-agent' => 'Mozilla/5.0 (iPhone; CPU iPhone OS 14_7 like Mac OS X) AppleWebKit/605.1.15 (KHTML, like Gecko) CriOS/98.0.4758.97 Mobile/15E148 Safari/604.1',
  'content-length' => '2',
  'origin' => 'https://www.fdadeal.com',
  'token' => 'cc05e4ac-a487-4d8d-a21a-ff15b4f13180',
  'accept-language' => 'zh-CN,zh;q=0.9',
  'accept-encoding' => 'gzip, deflate, br',
  'accept' => '*/*',
  'content-type' => 'application/json;charset=UTF-8',
  'host' => 'www.fdadeal.com',
)
[ info ] [ PARAM ] array (
)
[ info ] [ LANG ] /www/wwwroot/www.fdadeal.com/public/../application/api/lang/zh-cn.php
[ info ] [ BEHAVIOR ] Run app\common\behavior\Common @module_init [ RunTime:0.001490s ]
[ info ] [ TOKEN ] INIT Mysql
[ info ] [ DB ] INIT mysql
[ info ] [ BEHAVIOR ] Run \addons\alioss\Alioss @upload_config_init [ RunTime:0.000400s ]
[ info ] [ RUN ] app\api\controller\wanlshop\Pay->getBalance[ /www/wwwroot/www.fdadeal.com/application/api/controller/wanlshop/Pay.php ]
[ info ] [ LOG ] INIT File
---------------------------------------------------------------
[ 2022-06-14T23:58:57+08:00 ] 183.251.161.8 POST www.fdadeal.com/api/wanlshop/cart/storage
[运行时间：0.068253s] [吞吐率：14.65req/s] [内存消耗：4,013.82kb] [文件加载：142]
[ info ] [ BEHAVIOR ] Run Closure @app_init [ RunTime:0.000018s ]
[ info ] [ CACHE ] INIT File
[ info ] [ BEHAVIOR ] Run \addons\alioss\Alioss @app_init [ RunTime:0.002831s ]
[ info ] [ BEHAVIOR ] Run \addons\wanlshop\Wanlshop @app_init [ RunTime:0.001006s ]
[ info ] [ BEHAVIOR ] Run Closure @app_init [ RunTime:0.001030s ]
[ info ] [ LANG ] /www/wwwroot/www.fdadeal.com/thinkphp/lang/zh-cn.php
[ info ] [ BEHAVIOR ] Run app\common\behavior\Common @app_dispatch [ RunTime:0.000322s ]
[ info ] [ ROUTE ] array (
  'type' => 'module',
  'module' => 
  array (
    0 => 'api',
    1 => 'wanlshop.cart',
    2 => 'storage',
  ),
)
[ info ] [ HEADER ] array (
  'cookie' => 'think_var=zh-cn; keeplogin=1%7C86400%7C1655030943%7Cccfe8ac487ecb3c0a8e771d739808b7e; token=9350100b-03f2-4725-8211-d8b24a668171; uid=258',
  'referer' => 'https://www.fdadeal.com/pages/user/order/addorder?type=cart&data=%5B%7B%22goods_id%22%3A415,%22number%22%3A1,%22sku_id%22%3A1710%7D%5D',
  'user-agent' => 'Mozilla/5.0 (iPhone; CPU iPhone OS 14_7 like Mac OS X) AppleWebKit/605.1.15 (KHTML, like Gecko) CriOS/98.0.4758.97 Mobile/15E148 Safari/604.1',
  'content-length' => '24',
  'origin' => 'https://www.fdadeal.com',
  'token' => 'cc05e4ac-a487-4d8d-a21a-ff15b4f13180',
  'accept-language' => 'zh-CN,zh;q=0.9',
  'accept-encoding' => 'gzip, deflate, br',
  'accept' => '*/*',
  'content-type' => 'application/json;charset=UTF-8',
  'host' => 'www.fdadeal.com',
)
[ info ] [ PARAM ] array (
  'type' => 'del',
  'data' => 
  array (
  ),
)
[ info ] [ LANG ] /www/wwwroot/www.fdadeal.com/public/../application/api/lang/zh-cn.php
[ info ] [ BEHAVIOR ] Run app\common\behavior\Common @module_init [ RunTime:0.001490s ]
[ info ] [ TOKEN ] INIT Mysql
[ info ] [ DB ] INIT mysql
[ info ] [ BEHAVIOR ] Run \addons\alioss\Alioss @upload_config_init [ RunTime:0.000378s ]
[ info ] [ RUN ] app\api\controller\wanlshop\Cart->storage[ /www/wwwroot/www.fdadeal.com/application/api/controller/wanlshop/Cart.php ]
[ info ] [ LOG ] INIT File
---------------------------------------------------------------
[ 2022-06-14T23:59:01+08:00 ] 183.251.161.8 POST www.fdadeal.com/api/wanlshop/pay/getpaypass
[运行时间：0.060796s] [吞吐率：16.45req/s] [内存消耗：4,052.30kb] [文件加载：141]
[ info ] [ BEHAVIOR ] Run Closure @app_init [ RunTime:0.000020s ]
[ info ] [ CACHE ] INIT File
[ info ] [ BEHAVIOR ] Run \addons\alioss\Alioss @app_init [ RunTime:0.002920s ]
[ info ] [ BEHAVIOR ] Run \addons\wanlshop\Wanlshop @app_init [ RunTime:0.000905s ]
[ info ] [ BEHAVIOR ] Run Closure @app_init [ RunTime:0.000929s ]
[ info ] [ LANG ] /www/wwwroot/www.fdadeal.com/thinkphp/lang/zh-cn.php
[ info ] [ BEHAVIOR ] Run app\common\behavior\Common @app_dispatch [ RunTime:0.000269s ]
[ info ] [ ROUTE ] array (
  'type' => 'module',
  'module' => 
  array (
    0 => 'api',
    1 => 'wanlshop.pay',
    2 => 'getpaypass',
  ),
)
[ info ] [ HEADER ] array (
  'cookie' => 'think_var=zh-cn; keeplogin=1%7C86400%7C1655030943%7Cccfe8ac487ecb3c0a8e771d739808b7e; token=9350100b-03f2-4725-8211-d8b24a668171; uid=258',
  'referer' => 'https://www.fdadeal.com/pages/user/money/pay?data=%5B%7B%22user_id%22%3A261,%22shop_id%22%3A%2227%22,%22order_id%22%3A%2294%22,%22order_no%22%3A%225522233755327261%22,%22pay_no%22%3A%22202206142358577332225549544956%22,%22order_price%22%3A%222610.00%22,%22freight_price%22%3A0,%22coupon_price%22%3A0,%22discount_price%22%3A0,%22price%22%3A%222610.00%22,%22wholesale_price%22%3A%222333.00%22,%22number%22%3A1,%22createtime%22%3A1655222337,%22updatetime%22%3A1655222337,%22id%22%3A%2287%22%7D%5D',
  'user-agent' => 'Mozilla/5.0 (iPhone; CPU iPhone OS 14_7 like Mac OS X) AppleWebKit/605.1.15 (KHTML, like Gecko) CriOS/98.0.4758.97 Mobile/15E148 Safari/604.1',
  'content-length' => '20',
  'origin' => 'https://www.fdadeal.com',
  'token' => 'cc05e4ac-a487-4d8d-a21a-ff15b4f13180',
  'accept-language' => 'zh-CN,zh;q=0.9',
  'accept-encoding' => 'gzip, deflate, br',
  'accept' => '*/*',
  'content-type' => 'application/json;charset=UTF-8',
  'host' => 'www.fdadeal.com',
)
[ info ] [ PARAM ] array (
  'captcha' => '123456',
)
[ info ] [ LANG ] /www/wwwroot/www.fdadeal.com/public/../application/api/lang/zh-cn.php
[ info ] [ BEHAVIOR ] Run app\common\behavior\Common @module_init [ RunTime:0.000990s ]
[ info ] [ TOKEN ] INIT Mysql
[ info ] [ DB ] INIT mysql
[ info ] [ BEHAVIOR ] Run \addons\alioss\Alioss @upload_config_init [ RunTime:0.000268s ]
[ info ] [ RUN ] app\api\controller\wanlshop\Pay->getpaypass[ /www/wwwroot/www.fdadeal.com/application/api/controller/wanlshop/Pay.php ]
[ info ] [ LOG ] INIT File
---------------------------------------------------------------
[ 2022-06-14T23:59:01+08:00 ] 183.251.161.8 POST www.fdadeal.com/api/wanlshop/pay/payment
[运行时间：0.095562s] [吞吐率：10.46req/s] [内存消耗：4,320.54kb] [文件加载：148]
[ info ] [ BEHAVIOR ] Run Closure @app_init [ RunTime:0.000015s ]
[ info ] [ CACHE ] INIT File
[ info ] [ BEHAVIOR ] Run \addons\alioss\Alioss @app_init [ RunTime:0.001904s ]
[ info ] [ BEHAVIOR ] Run \addons\wanlshop\Wanlshop @app_init [ RunTime:0.000664s ]
[ info ] [ BEHAVIOR ] Run Closure @app_init [ RunTime:0.000681s ]
[ info ] [ LANG ] /www/wwwroot/www.fdadeal.com/thinkphp/lang/zh-cn.php
[ info ] [ BEHAVIOR ] Run app\common\behavior\Common @app_dispatch [ RunTime:0.000220s ]
[ info ] [ ROUTE ] array (
  'type' => 'module',
  'module' => 
  array (
    0 => 'api',
    1 => 'wanlshop.pay',
    2 => 'payment',
  ),
)
[ info ] [ HEADER ] array (
  'cookie' => 'think_var=zh-cn; keeplogin=1%7C86400%7C1655030943%7Cccfe8ac487ecb3c0a8e771d739808b7e; token=9350100b-03f2-4725-8211-d8b24a668171; uid=258',
  'referer' => 'https://www.fdadeal.com/pages/user/money/pay?data=%5B%7B%22user_id%22%3A261,%22shop_id%22%3A%2227%22,%22order_id%22%3A%2294%22,%22order_no%22%3A%225522233755327261%22,%22pay_no%22%3A%22202206142358577332225549544956%22,%22order_price%22%3A%222610.00%22,%22freight_price%22%3A0,%22coupon_price%22%3A0,%22discount_price%22%3A0,%22price%22%3A%222610.00%22,%22wholesale_price%22%3A%222333.00%22,%22number%22%3A1,%22createtime%22%3A1655222337,%22updatetime%22%3A1655222337,%22id%22%3A%2287%22%7D%5D',
  'user-agent' => 'Mozilla/5.0 (iPhone; CPU iPhone OS 14_7 like Mac OS X) AppleWebKit/605.1.15 (KHTML, like Gecko) CriOS/98.0.4758.97 Mobile/15E148 Safari/604.1',
  'content-length' => '84',
  'origin' => 'https://www.fdadeal.com',
  'token' => 'cc05e4ac-a487-4d8d-a21a-ff15b4f13180',
  'accept-language' => 'zh-CN,zh;q=0.9',
  'accept-encoding' => 'gzip, deflate, br',
  'accept' => '*/*',
  'content-type' => 'application/json;charset=UTF-8',
  'host' => 'www.fdadeal.com',
)
[ info ] [ PARAM ] array (
  'type' => 'balance',
  'method' => 'balance',
  'captcha' => '123456',
  'code' => NULL,
  'order_id' => '94',
)
[ info ] [ LANG ] /www/wwwroot/www.fdadeal.com/public/../application/api/lang/zh-cn.php
[ info ] [ BEHAVIOR ] Run app\common\behavior\Common @module_init [ RunTime:0.001038s ]
[ info ] [ TOKEN ] INIT Mysql
[ info ] [ DB ] INIT mysql
[ info ] [ BEHAVIOR ] Run \addons\alioss\Alioss @upload_config_init [ RunTime:0.000287s ]
[ info ] [ RUN ] app\api\controller\wanlshop\Pay->payment[ /www/wwwroot/www.fdadeal.com/application/api/controller/wanlshop/Pay.php ]
[ info ] [ LOG ] INIT File
---------------------------------------------------------------
[ 2022-06-14T23:59:02+08:00 ] 211.97.126.223 POST www.fdadeal.com/api/wanlshop/shipping/index
[运行时间：0.043707s] [吞吐率：22.88req/s] [内存消耗：3,920.80kb] [文件加载：135]
[ info ] [ BEHAVIOR ] Run Closure @app_init [ RunTime:0.000014s ]
[ info ] [ CACHE ] INIT File
[ info ] [ BEHAVIOR ] Run \addons\alioss\Alioss @app_init [ RunTime:0.001997s ]
[ info ] [ BEHAVIOR ] Run \addons\wanlshop\Wanlshop @app_init [ RunTime:0.000687s ]
[ info ] [ BEHAVIOR ] Run Closure @app_init [ RunTime:0.000711s ]
[ info ] [ LANG ] /www/wwwroot/www.fdadeal.com/thinkphp/lang/zh-cn.php
[ info ] [ BEHAVIOR ] Run app\common\behavior\Common @app_dispatch [ RunTime:0.000207s ]
[ info ] [ ROUTE ] array (
  'type' => 'module',
  'module' => 
  array (
    0 => 'api',
    1 => 'wanlshop.shipping',
    2 => 'index',
  ),
)
[ info ] [ HEADER ] array (
  'content-length' => '52',
  'connection' => 'keep-alive',
  'accept-encoding' => 'gzip, deflate, br',
  'host' => 'www.fdadeal.com',
  'postman-token' => 'aa76f8f1-1dc9-4fa5-9ceb-c2e8a754b58a',
  'accept' => '*/*',
  'user-agent' => 'PostmanRuntime/7.29.0',
  'content-type' => 'application/json',
)
[ info ] [ PARAM ] array (
  'sid' => '123',
  'oid' => '5469914997527261',
)
[ info ] [ LANG ] /www/wwwroot/www.fdadeal.com/public/../application/api/lang/zh-cn.php
[ info ] [ BEHAVIOR ] Run app\common\behavior\Common @module_init [ RunTime:0.001112s ]
[ info ] [ BEHAVIOR ] Run \addons\alioss\Alioss @upload_config_init [ RunTime:0.000303s ]
[ info ] [ RUN ] app\api\controller\wanlshop\Shipping->index[ /www/wwwroot/www.fdadeal.com/application/api/controller/wanlshop/Shipping.php ]
[ info ] [ DB ] INIT mysql
[ info ] [ LOG ] INIT File
---------------------------------------------------------------
[ 2022-06-14T23:59:07+08:00 ] 183.251.161.8 POST www.fdadeal.com/api/wanlshop/user/refresh
[运行时间：0.087070s] [吞吐率：11.49req/s] [内存消耗：4,527.63kb] [文件加载：153]
[ info ] [ BEHAVIOR ] Run Closure @app_init [ RunTime:0.000015s ]
[ info ] [ CACHE ] INIT File
[ info ] [ BEHAVIOR ] Run \addons\alioss\Alioss @app_init [ RunTime:0.001931s ]
[ info ] [ BEHAVIOR ] Run \addons\wanlshop\Wanlshop @app_init [ RunTime:0.000681s ]
[ info ] [ BEHAVIOR ] Run Closure @app_init [ RunTime:0.000698s ]
[ info ] [ LANG ] /www/wwwroot/www.fdadeal.com/thinkphp/lang/zh-cn.php
[ info ] [ BEHAVIOR ] Run app\common\behavior\Common @app_dispatch [ RunTime:0.000217s ]
[ info ] [ ROUTE ] array (
  'type' => 'module',
  'module' => 
  array (
    0 => 'api',
    1 => 'wanlshop.user',
    2 => 'refresh',
  ),
)
[ info ] [ HEADER ] array (
  'cookie' => 'think_var=zh-cn; keeplogin=1%7C86400%7C1655030943%7Cccfe8ac487ecb3c0a8e771d739808b7e; token=9350100b-03f2-4725-8211-d8b24a668171; uid=258',
  'referer' => 'https://www.fdadeal.com/pages/user/user',
  'user-agent' => 'Mozilla/5.0 (iPhone; CPU iPhone OS 14_7 like Mac OS X) AppleWebKit/605.1.15 (KHTML, like Gecko) CriOS/98.0.4758.97 Mobile/15E148 Safari/604.1',
  'content-length' => '2',
  'origin' => 'https://www.fdadeal.com',
  'token' => 'cc05e4ac-a487-4d8d-a21a-ff15b4f13180',
  'accept-language' => 'zh-CN,zh;q=0.9',
  'accept-encoding' => 'gzip, deflate, br',
  'accept' => '*/*',
  'content-type' => 'application/json;charset=UTF-8',
  'host' => 'www.fdadeal.com',
)
[ info ] [ PARAM ] array (
)
[ info ] [ LANG ] /www/wwwroot/www.fdadeal.com/public/../application/api/lang/zh-cn.php
[ info ] [ BEHAVIOR ] Run app\common\behavior\Common @module_init [ RunTime:0.001000s ]
[ info ] [ TOKEN ] INIT Mysql
[ info ] [ DB ] INIT mysql
[ info ] [ BEHAVIOR ] Run \addons\alioss\Alioss @upload_config_init [ RunTime:0.000299s ]
[ info ] [ LANG ] /www/wwwroot/www.fdadeal.com/public/../application/api/lang/zh-cn/wanlshop/user.php
[ info ] [ RUN ] app\api\controller\wanlshop\User->refresh[ /www/wwwroot/www.fdadeal.com/application/api/controller/wanlshop/User.php ]
[ info ] [ LOG ] INIT File
---------------------------------------------------------------
[ 2022-06-14T23:59:08+08:00 ] 183.251.161.8 GET www.fdadeal.com/api/wanlshop/order/getOrderList?state=1&page=1
[运行时间：0.072818s] [吞吐率：13.73req/s] [内存消耗：4,456.37kb] [文件加载：153]
[ info ] [ BEHAVIOR ] Run Closure @app_init [ RunTime:0.000015s ]
[ info ] [ CACHE ] INIT File
[ info ] [ BEHAVIOR ] Run \addons\alioss\Alioss @app_init [ RunTime:0.001889s ]
[ info ] [ BEHAVIOR ] Run \addons\wanlshop\Wanlshop @app_init [ RunTime:0.000691s ]
[ info ] [ BEHAVIOR ] Run Closure @app_init [ RunTime:0.000707s ]
[ info ] [ LANG ] /www/wwwroot/www.fdadeal.com/thinkphp/lang/zh-cn.php
[ info ] [ BEHAVIOR ] Run app\common\behavior\Common @app_dispatch [ RunTime:0.000208s ]
[ info ] [ ROUTE ] array (
  'type' => 'module',
  'module' => 
  array (
    0 => 'api',
    1 => 'wanlshop.order',
    2 => 'getOrderList',
  ),
)
[ info ] [ HEADER ] array (
  'cookie' => 'think_var=zh-cn; keeplogin=1%7C86400%7C1655030943%7Cccfe8ac487ecb3c0a8e771d739808b7e; token=9350100b-03f2-4725-8211-d8b24a668171; uid=258',
  'accept-encoding' => 'gzip, deflate, br',
  'accept-language' => 'zh-CN,zh;q=0.9',
  'user-agent' => 'Mozilla/5.0 (iPhone; CPU iPhone OS 14_7 like Mac OS X) AppleWebKit/605.1.15 (KHTML, like Gecko) CriOS/98.0.4758.97 Mobile/15E148 Safari/604.1',
  'token' => 'cc05e4ac-a487-4d8d-a21a-ff15b4f13180',
  'referer' => 'https://www.fdadeal.com/pages/user/order/order?state=1',
  'content-type' => 'application/json;charset=UTF-8',
  'accept' => '*/*',
  'host' => 'www.fdadeal.com',
  'content-length' => '',
)
[ info ] [ PARAM ] array (
  'state' => '1',
  'page' => '1',
)
[ info ] [ LANG ] /www/wwwroot/www.fdadeal.com/public/../application/api/lang/zh-cn.php
[ info ] [ BEHAVIOR ] Run app\common\behavior\Common @module_init [ RunTime:0.001020s ]
[ info ] [ TOKEN ] INIT Mysql
[ info ] [ DB ] INIT mysql
[ info ] [ BEHAVIOR ] Run \addons\alioss\Alioss @upload_config_init [ RunTime:0.000264s ]
[ info ] [ RUN ] app\api\controller\wanlshop\Order->getOrderList[ /www/wwwroot/www.fdadeal.com/application/api/controller/wanlshop/Order.php ]
[ info ] [ LOG ] INIT File
---------------------------------------------------------------
[ 2022-06-14T23:59:10+08:00 ] 183.251.161.8 GET www.fdadeal.com/api/wanlshop/order/getOrderList?state=2&page=1
[运行时间：0.093279s] [吞吐率：10.72req/s] [内存消耗：4,461.47kb] [文件加载：153]
[ info ] [ BEHAVIOR ] Run Closure @app_init [ RunTime:0.000015s ]
[ info ] [ CACHE ] INIT File
[ info ] [ BEHAVIOR ] Run \addons\alioss\Alioss @app_init [ RunTime:0.001937s ]
[ info ] [ BEHAVIOR ] Run \addons\wanlshop\Wanlshop @app_init [ RunTime:0.000663s ]
[ info ] [ BEHAVIOR ] Run Closure @app_init [ RunTime:0.000681s ]
[ info ] [ LANG ] /www/wwwroot/www.fdadeal.com/thinkphp/lang/zh-cn.php
[ info ] [ BEHAVIOR ] Run app\common\behavior\Common @app_dispatch [ RunTime:0.000210s ]
[ info ] [ ROUTE ] array (
  'type' => 'module',
  'module' => 
  array (
    0 => 'api',
    1 => 'wanlshop.order',
    2 => 'getOrderList',
  ),
)
[ info ] [ HEADER ] array (
  'cookie' => 'think_var=zh-cn; keeplogin=1%7C86400%7C1655030943%7Cccfe8ac487ecb3c0a8e771d739808b7e; token=9350100b-03f2-4725-8211-d8b24a668171; uid=258',
  'accept-encoding' => 'gzip, deflate, br',
  'accept-language' => 'zh-CN,zh;q=0.9',
  'user-agent' => 'Mozilla/5.0 (iPhone; CPU iPhone OS 14_7 like Mac OS X) AppleWebKit/605.1.15 (KHTML, like Gecko) CriOS/98.0.4758.97 Mobile/15E148 Safari/604.1',
  'token' => 'cc05e4ac-a487-4d8d-a21a-ff15b4f13180',
  'referer' => 'https://www.fdadeal.com/pages/user/order/order?state=2',
  'content-type' => 'application/json;charset=UTF-8',
  'accept' => '*/*',
  'host' => 'www.fdadeal.com',
  'content-length' => '',
)
[ info ] [ PARAM ] array (
  'state' => '2',
  'page' => '1',
)
[ info ] [ LANG ] /www/wwwroot/www.fdadeal.com/public/../application/api/lang/zh-cn.php
[ info ] [ BEHAVIOR ] Run app\common\behavior\Common @module_init [ RunTime:0.001012s ]
[ info ] [ TOKEN ] INIT Mysql
[ info ] [ DB ] INIT mysql
[ info ] [ BEHAVIOR ] Run \addons\alioss\Alioss @upload_config_init [ RunTime:0.000256s ]
[ info ] [ RUN ] app\api\controller\wanlshop\Order->getOrderList[ /www/wwwroot/www.fdadeal.com/application/api/controller/wanlshop/Order.php ]
[ info ] [ LOG ] INIT File
---------------------------------------------------------------
[ 2022-06-14T23:59:14+08:00 ] 183.251.161.8 GET www.fdadeal.com/api/wanlshop/order/getOrderList?state=1&page=1
[运行时间：0.077288s] [吞吐率：12.94req/s] [内存消耗：4,456.37kb] [文件加载：153]
[ info ] [ BEHAVIOR ] Run Closure @app_init [ RunTime:0.000014s ]
[ info ] [ CACHE ] INIT File
[ info ] [ BEHAVIOR ] Run \addons\alioss\Alioss @app_init [ RunTime:0.001956s ]
[ info ] [ BEHAVIOR ] Run \addons\wanlshop\Wanlshop @app_init [ RunTime:0.000672s ]
[ info ] [ BEHAVIOR ] Run Closure @app_init [ RunTime:0.000688s ]
[ info ] [ LANG ] /www/wwwroot/www.fdadeal.com/thinkphp/lang/zh-cn.php
[ info ] [ BEHAVIOR ] Run app\common\behavior\Common @app_dispatch [ RunTime:0.000209s ]
[ info ] [ ROUTE ] array (
  'type' => 'module',
  'module' => 
  array (
    0 => 'api',
    1 => 'wanlshop.order',
    2 => 'getOrderList',
  ),
)
[ info ] [ HEADER ] array (
  'cookie' => 'think_var=zh-cn; keeplogin=1%7C86400%7C1655030943%7Cccfe8ac487ecb3c0a8e771d739808b7e; token=9350100b-03f2-4725-8211-d8b24a668171; uid=258',
  'accept-encoding' => 'gzip, deflate, br',
  'accept-language' => 'zh-CN,zh;q=0.9',
  'user-agent' => 'Mozilla/5.0 (iPhone; CPU iPhone OS 14_7 like Mac OS X) AppleWebKit/605.1.15 (KHTML, like Gecko) CriOS/98.0.4758.97 Mobile/15E148 Safari/604.1',
  'token' => 'cc05e4ac-a487-4d8d-a21a-ff15b4f13180',
  'referer' => 'https://www.fdadeal.com/pages/user/order/order?state=1',
  'content-type' => 'application/json;charset=UTF-8',
  'accept' => '*/*',
  'host' => 'www.fdadeal.com',
  'content-length' => '',
)
[ info ] [ PARAM ] array (
  'state' => '1',
  'page' => '1',
)
[ info ] [ LANG ] /www/wwwroot/www.fdadeal.com/public/../application/api/lang/zh-cn.php
[ info ] [ BEHAVIOR ] Run app\common\behavior\Common @module_init [ RunTime:0.001056s ]
[ info ] [ TOKEN ] INIT Mysql
[ info ] [ DB ] INIT mysql
[ info ] [ BEHAVIOR ] Run \addons\alioss\Alioss @upload_config_init [ RunTime:0.000279s ]
[ info ] [ RUN ] app\api\controller\wanlshop\Order->getOrderList[ /www/wwwroot/www.fdadeal.com/application/api/controller/wanlshop/Order.php ]
[ info ] [ LOG ] INIT File
---------------------------------------------------------------
[ 2022-06-14T23:59:21+08:00 ] 211.97.126.223 POST www.fdadeal.com/api/wanlshop/shipping/index
[运行时间：0.044271s] [吞吐率：22.59req/s] [内存消耗：3,918.50kb] [文件加载：135]
[ info ] [ BEHAVIOR ] Run Closure @app_init [ RunTime:0.000014s ]
[ info ] [ CACHE ] INIT File
[ info ] [ BEHAVIOR ] Run \addons\alioss\Alioss @app_init [ RunTime:0.001950s ]
[ info ] [ BEHAVIOR ] Run \addons\wanlshop\Wanlshop @app_init [ RunTime:0.000703s ]
[ info ] [ BEHAVIOR ] Run Closure @app_init [ RunTime:0.000720s ]
[ info ] [ LANG ] /www/wwwroot/www.fdadeal.com/thinkphp/lang/zh-cn.php
[ info ] [ BEHAVIOR ] Run app\common\behavior\Common @app_dispatch [ RunTime:0.000231s ]
[ info ] [ ROUTE ] array (
  'type' => 'module',
  'module' => 
  array (
    0 => 'api',
    1 => 'wanlshop.shipping',
    2 => 'index',
  ),
)
[ info ] [ HEADER ] array (
  'content-length' => '52',
  'connection' => 'keep-alive',
  'accept-encoding' => 'gzip, deflate, br',
  'host' => 'www.fdadeal.com',
  'postman-token' => '2064af79-7396-497a-bc2c-63e2a4a92366',
  'accept' => '*/*',
  'user-agent' => 'PostmanRuntime/7.29.0',
  'content-type' => 'application/json',
)
[ info ] [ PARAM ] array (
  'sid' => '123',
  'oid' => '5469914997527261',
)
[ info ] [ LANG ] /www/wwwroot/www.fdadeal.com/public/../application/api/lang/zh-cn.php
[ info ] [ BEHAVIOR ] Run app\common\behavior\Common @module_init [ RunTime:0.000995s ]
[ info ] [ BEHAVIOR ] Run \addons\alioss\Alioss @upload_config_init [ RunTime:0.000304s ]
[ info ] [ RUN ] app\api\controller\wanlshop\Shipping->index[ /www/wwwroot/www.fdadeal.com/application/api/controller/wanlshop/Shipping.php ]
[ info ] [ DB ] INIT mysql
[ info ] [ LOG ] INIT File
---------------------------------------------------------------
[ 2022-06-14T23:59:21+08:00 ] 183.251.161.8 POST www.fdadeal.com/api/wanlshop/order/getOrderGoodsList
[运行时间：0.094122s] [吞吐率：10.62req/s] [内存消耗：4,407.41kb] [文件加载：151]
[ info ] [ BEHAVIOR ] Run Closure @app_init [ RunTime:0.000015s ]
[ info ] [ CACHE ] INIT File
[ info ] [ BEHAVIOR ] Run \addons\alioss\Alioss @app_init [ RunTime:0.001978s ]
[ info ] [ BEHAVIOR ] Run \addons\wanlshop\Wanlshop @app_init [ RunTime:0.000721s ]
[ info ] [ BEHAVIOR ] Run Closure @app_init [ RunTime:0.000741s ]
[ info ] [ LANG ] /www/wwwroot/www.fdadeal.com/thinkphp/lang/zh-cn.php
[ info ] [ BEHAVIOR ] Run app\common\behavior\Common @app_dispatch [ RunTime:0.000206s ]
[ info ] [ ROUTE ] array (
  'type' => 'module',
  'module' => 
  array (
    0 => 'api',
    1 => 'wanlshop.order',
    2 => 'getOrderGoodsList',
  ),
)
[ info ] [ HEADER ] array (
  'cookie' => 'think_var=zh-cn; keeplogin=1%7C86400%7C1655030943%7Cccfe8ac487ecb3c0a8e771d739808b7e; token=9350100b-03f2-4725-8211-d8b24a668171; uid=258',
  'referer' => 'https://www.fdadeal.com/pages/user/order/addorder?type=cart&data=%5B%7B%22goods_id%22%3A418,%22number%22%3A1,%22sku_id%22%3A1713%7D,%7B%22goods_id%22%3A417,%22number%22%3A1,%22sku_id%22%3A1712%7D%5D',
  'user-agent' => 'Mozilla/5.0 (iPhone; CPU iPhone OS 14_7 like Mac OS X) AppleWebKit/605.1.15 (KHTML, like Gecko) CriOS/98.0.4758.97 Mobile/15E148 Safari/604.1',
  'content-length' => '85',
  'origin' => 'https://www.fdadeal.com',
  'token' => 'cc05e4ac-a487-4d8d-a21a-ff15b4f13180',
  'accept-language' => 'zh-CN,zh;q=0.9',
  'accept-encoding' => 'gzip, deflate, br',
  'accept' => '*/*',
  'content-type' => 'application/json;charset=UTF-8',
  'host' => 'www.fdadeal.com',
)
[ info ] [ PARAM ] array (
  0 => 
  array (
    'goods_id' => 418,
    'number' => 1,
    'sku_id' => 1713,
  ),
  1 => 
  array (
    'goods_id' => 417,
    'number' => 1,
    'sku_id' => 1712,
  ),
)
[ info ] [ LANG ] /www/wwwroot/www.fdadeal.com/public/../application/api/lang/zh-cn.php
[ info ] [ BEHAVIOR ] Run app\common\behavior\Common @module_init [ RunTime:0.000996s ]
[ info ] [ TOKEN ] INIT Mysql
[ info ] [ DB ] INIT mysql
[ info ] [ BEHAVIOR ] Run \addons\alioss\Alioss @upload_config_init [ RunTime:0.000291s ]
[ info ] [ RUN ] app\api\controller\wanlshop\Order->getOrderGoodsList[ /www/wwwroot/www.fdadeal.com/application/api/controller/wanlshop/Order.php ]
[ info ] [ LOG ] INIT File
---------------------------------------------------------------
[ 2022-06-14T23:59:24+08:00 ] 183.251.161.8 POST www.fdadeal.com/api/wanlshop/order/addOrder
[运行时间：0.119023s] [吞吐率：8.40req/s] [内存消耗：4,421.90kb] [文件加载：152]
[ info ] [ BEHAVIOR ] Run Closure @app_init [ RunTime:0.000014s ]
[ info ] [ CACHE ] INIT File
[ info ] [ BEHAVIOR ] Run \addons\alioss\Alioss @app_init [ RunTime:0.002004s ]
[ info ] [ BEHAVIOR ] Run \addons\wanlshop\Wanlshop @app_init [ RunTime:0.000704s ]
[ info ] [ BEHAVIOR ] Run Closure @app_init [ RunTime:0.000724s ]
[ info ] [ LANG ] /www/wwwroot/www.fdadeal.com/thinkphp/lang/zh-cn.php
[ info ] [ BEHAVIOR ] Run app\common\behavior\Common @app_dispatch [ RunTime:0.000211s ]
[ info ] [ ROUTE ] array (
  'type' => 'module',
  'module' => 
  array (
    0 => 'api',
    1 => 'wanlshop.order',
    2 => 'addOrder',
  ),
)
[ info ] [ HEADER ] array (
  'cookie' => 'think_var=zh-cn; keeplogin=1%7C86400%7C1655030943%7Cccfe8ac487ecb3c0a8e771d739808b7e; token=9350100b-03f2-4725-8211-d8b24a668171; uid=258',
  'referer' => 'https://www.fdadeal.com/pages/user/order/addorder?type=cart&data=%5B%7B%22goods_id%22%3A418,%22number%22%3A1,%22sku_id%22%3A1713%7D,%7B%22goods_id%22%3A417,%22number%22%3A1,%22sku_id%22%3A1712%7D%5D',
  'user-agent' => 'Mozilla/5.0 (iPhone; CPU iPhone OS 14_7 like Mac OS X) AppleWebKit/605.1.15 (KHTML, like Gecko) CriOS/98.0.4758.97 Mobile/15E148 Safari/604.1',
  'content-length' => '217',
  'origin' => 'https://www.fdadeal.com',
  'token' => 'cc05e4ac-a487-4d8d-a21a-ff15b4f13180',
  'accept-language' => 'zh-CN,zh;q=0.9',
  'accept-encoding' => 'gzip, deflate, br',
  'accept' => '*/*',
  'content-type' => 'application/json;charset=UTF-8',
  'host' => 'www.fdadeal.com',
)
[ info ] [ PARAM ] array (
  'order' => 
  array (
    'lists' => 
    array (
      0 => 
      array (
        'shop_id' => 27,
        'wholesale_id' => 4296,
        'products' => 
        array (
          0 => 
          array (
            'goods_id' => 418,
            'number' => '1',
            'sku_id' => 1713,
            'freight_id' => 3,
          ),
          1 => 
          array (
            'goods_id' => 417,
            'number' => '1',
            'sku_id' => 1712,
            'freight_id' => 3,
          ),
        ),
        'coupon_id' => 0,
      ),
    ),
    'address_id' => 26,
  ),
)
[ info ] [ LANG ] /www/wwwroot/www.fdadeal.com/public/../application/api/lang/zh-cn.php
[ info ] [ BEHAVIOR ] Run app\common\behavior\Common @module_init [ RunTime:0.001152s ]
[ info ] [ TOKEN ] INIT Mysql
[ info ] [ DB ] INIT mysql
[ info ] [ BEHAVIOR ] Run \addons\alioss\Alioss @upload_config_init [ RunTime:0.000275s ]
[ info ] [ RUN ] app\api\controller\wanlshop\Order->addOrder[ /www/wwwroot/www.fdadeal.com/application/api/controller/wanlshop/Order.php ]
[ info ] [ LOG ] INIT File
---------------------------------------------------------------
[ 2022-06-14T23:59:24+08:00 ] 183.251.161.8 POST www.fdadeal.com/api/wanlshop/cart/storage
[运行时间：0.058228s] [吞吐率：17.17req/s] [内存消耗：3,972.89kb] [文件加载：142]
[ info ] [ BEHAVIOR ] Run Closure @app_init [ RunTime:0.000014s ]
[ info ] [ CACHE ] INIT File
[ info ] [ BEHAVIOR ] Run \addons\alioss\Alioss @app_init [ RunTime:0.001960s ]
[ info ] [ BEHAVIOR ] Run \addons\wanlshop\Wanlshop @app_init [ RunTime:0.000663s ]
[ info ] [ BEHAVIOR ] Run Closure @app_init [ RunTime:0.000679s ]
[ info ] [ LANG ] /www/wwwroot/www.fdadeal.com/thinkphp/lang/zh-cn.php
[ info ] [ BEHAVIOR ] Run app\common\behavior\Common @app_dispatch [ RunTime:0.000220s ]
[ info ] [ ROUTE ] array (
  'type' => 'module',
  'module' => 
  array (
    0 => 'api',
    1 => 'wanlshop.cart',
    2 => 'storage',
  ),
)
[ info ] [ HEADER ] array (
  'cookie' => 'think_var=zh-cn; keeplogin=1%7C86400%7C1655030943%7Cccfe8ac487ecb3c0a8e771d739808b7e; token=9350100b-03f2-4725-8211-d8b24a668171; uid=258',
  'referer' => 'https://www.fdadeal.com/pages/user/order/addorder?type=cart&data=%5B%7B%22goods_id%22%3A418,%22number%22%3A1,%22sku_id%22%3A1713%7D,%7B%22goods_id%22%3A417,%22number%22%3A1,%22sku_id%22%3A1712%7D%5D',
  'user-agent' => 'Mozilla/5.0 (iPhone; CPU iPhone OS 14_7 like Mac OS X) AppleWebKit/605.1.15 (KHTML, like Gecko) CriOS/98.0.4758.97 Mobile/15E148 Safari/604.1',
  'content-length' => '1057',
  'origin' => 'https://www.fdadeal.com',
  'token' => 'cc05e4ac-a487-4d8d-a21a-ff15b4f13180',
  'accept-language' => 'zh-CN,zh;q=0.9',
  'accept-encoding' => 'gzip, deflate, br',
  'accept' => '*/*',
  'content-type' => 'application/json;charset=UTF-8',
  'host' => 'www.fdadeal.com',
)
[ info ] [ PARAM ] array (
  'type' => 'del',
  'data' => 
  array (
    0 => 
    array (
      'shop_id' => 27,
      'shop_name' => 'CasosnBC',
      'goods_id' => 418,
      'title' => '【第2類医薬品】クレンジル 大容量 60カプセル',
      'number' => 1,
      'image' => '/uploads/20211026/3020709e30f67d2c10c54f25dbff646c.jpg',
      'sku' => 
      array (
        'id' => 1713,
        'goods_id' => 418,
        'difference' => 
        array (
          0 => '1',
        ),
        'price' => '2119',
        'market_price' => '2661',
        'wholesale_price' => '1875',
        'stock' => 9996,
        'weigh' => 1713,
        'sn' => 'JP416168',
        'sales' => 0,
        'state' => '0',
        'createtime' => 1654178243,
        'updatetime' => 1654178243,
        'deletetime' => NULL,
        'status' => 'normal',
      ),
      'sku_id' => 1713,
      'sum' => '2119',
      'checked' => true,
    ),
    1 => 
    array (
      'shop_id' => 27,
      'shop_name' => 'CasosnBC',
      'goods_id' => 417,
      'title' => '[指定医薬部外品] キューピーコーワゴールドドリンク 50mL×10本',
      'number' => 1,
      'image' => '/uploads/20211026/865f4e94d93948bb33a9d314fbed62cf.jpg',
      'sku' => 
      array (
        'id' => 1712,
        'goods_id' => 417,
        'difference' => 
        array (
          0 => '1',
        ),
        'price' => '1903',
        'market_price' => '2530',
        'wholesale_price' => '1680',
        'stock' => 9994,
        'weigh' => 1712,
        'sn' => 'JP600350',
        'sales' => 0,
        'state' => '0',
        'createtime' => 1654178220,
        'updatetime' => 1654178220,
        'deletetime' => NULL,
        'status' => 'normal',
      ),
      'sku_id' => 1712,
      'sum' => '1903',
      'checked' => true,
    ),
  ),
)
[ info ] [ LANG ] /www/wwwroot/www.fdadeal.com/public/../application/api/lang/zh-cn.php
[ info ] [ BEHAVIOR ] Run app\common\behavior\Common @module_init [ RunTime:0.000980s ]
[ info ] [ TOKEN ] INIT Mysql
[ info ] [ DB ] INIT mysql
[ info ] [ BEHAVIOR ] Run \addons\alioss\Alioss @upload_config_init [ RunTime:0.000281s ]
[ info ] [ RUN ] app\api\controller\wanlshop\Cart->storage[ /www/wwwroot/www.fdadeal.com/application/api/controller/wanlshop/Cart.php ]
[ info ] [ LOG ] INIT File
---------------------------------------------------------------
[ 2022-06-14T23:59:24+08:00 ] 183.251.161.8 POST www.fdadeal.com/api/wanlshop/pay/getBalance
[运行时间：0.051154s] [吞吐率：19.55req/s] [内存消耗：4,051.58kb] [文件加载：141]
[ info ] [ BEHAVIOR ] Run Closure @app_init [ RunTime:0.000016s ]
[ info ] [ CACHE ] INIT File
[ info ] [ BEHAVIOR ] Run \addons\alioss\Alioss @app_init [ RunTime:0.001944s ]
[ info ] [ BEHAVIOR ] Run \addons\wanlshop\Wanlshop @app_init [ RunTime:0.000669s ]
[ info ] [ BEHAVIOR ] Run Closure @app_init [ RunTime:0.000686s ]
[ info ] [ LANG ] /www/wwwroot/www.fdadeal.com/thinkphp/lang/zh-cn.php
[ info ] [ BEHAVIOR ] Run app\common\behavior\Common @app_dispatch [ RunTime:0.000206s ]
[ info ] [ ROUTE ] array (
  'type' => 'module',
  'module' => 
  array (
    0 => 'api',
    1 => 'wanlshop.pay',
    2 => 'getBalance',
  ),
)
[ info ] [ HEADER ] array (
  'cookie' => 'think_var=zh-cn; keeplogin=1%7C86400%7C1655030943%7Cccfe8ac487ecb3c0a8e771d739808b7e; token=9350100b-03f2-4725-8211-d8b24a668171; uid=258',
  'referer' => 'https://www.fdadeal.com/pages/user/money/pay?data=%5B%7B%22user_id%22%3A261,%22shop_id%22%3A%2227%22,%22order_id%22%3A%2295%22,%22order_no%22%3A%225522236425127261%22,%22pay_no%22%3A%22202206142359244632225599534850%22,%22order_price%22%3A%224022.00%22,%22freight_price%22%3A0,%22coupon_price%22%3A0,%22discount_price%22%3A0,%22price%22%3A%224022.00%22,%22wholesale_price%22%3A%223555.00%22,%22number%22%3A2,%22createtime%22%3A1655222364,%22updatetime%22%3A1655222364,%22id%22%3A%2288%22%7D%5D',
  'user-agent' => 'Mozilla/5.0 (iPhone; CPU iPhone OS 14_7 like Mac OS X) AppleWebKit/605.1.15 (KHTML, like Gecko) CriOS/98.0.4758.97 Mobile/15E148 Safari/604.1',
  'content-length' => '2',
  'origin' => 'https://www.fdadeal.com',
  'token' => 'cc05e4ac-a487-4d8d-a21a-ff15b4f13180',
  'accept-language' => 'zh-CN,zh;q=0.9',
  'accept-encoding' => 'gzip, deflate, br',
  'accept' => '*/*',
  'content-type' => 'application/json;charset=UTF-8',
  'host' => 'www.fdadeal.com',
)
[ info ] [ PARAM ] array (
)
[ info ] [ LANG ] /www/wwwroot/www.fdadeal.com/public/../application/api/lang/zh-cn.php
[ info ] [ BEHAVIOR ] Run app\common\behavior\Common @module_init [ RunTime:0.001090s ]
[ info ] [ TOKEN ] INIT Mysql
[ info ] [ DB ] INIT mysql
[ info ] [ BEHAVIOR ] Run \addons\alioss\Alioss @upload_config_init [ RunTime:0.000254s ]
[ info ] [ RUN ] app\api\controller\wanlshop\Pay->getBalance[ /www/wwwroot/www.fdadeal.com/application/api/controller/wanlshop/Pay.php ]
[ info ] [ LOG ] INIT File
---------------------------------------------------------------
[ 2022-06-14T23:59:28+08:00 ] 183.251.161.8 POST www.fdadeal.com/api/wanlshop/pay/getpaypass
[运行时间：0.049442s] [吞吐率：20.23req/s] [内存消耗：4,052.30kb] [文件加载：141]
[ info ] [ BEHAVIOR ] Run Closure @app_init [ RunTime:0.000015s ]
[ info ] [ CACHE ] INIT File
[ info ] [ BEHAVIOR ] Run \addons\alioss\Alioss @app_init [ RunTime:0.001960s ]
[ info ] [ BEHAVIOR ] Run \addons\wanlshop\Wanlshop @app_init [ RunTime:0.000722s ]
[ info ] [ BEHAVIOR ] Run Closure @app_init [ RunTime:0.000739s ]
[ info ] [ LANG ] /www/wwwroot/www.fdadeal.com/thinkphp/lang/zh-cn.php
[ info ] [ BEHAVIOR ] Run app\common\behavior\Common @app_dispatch [ RunTime:0.000219s ]
[ info ] [ ROUTE ] array (
  'type' => 'module',
  'module' => 
  array (
    0 => 'api',
    1 => 'wanlshop.pay',
    2 => 'getpaypass',
  ),
)
[ info ] [ HEADER ] array (
  'cookie' => 'think_var=zh-cn; keeplogin=1%7C86400%7C1655030943%7Cccfe8ac487ecb3c0a8e771d739808b7e; token=9350100b-03f2-4725-8211-d8b24a668171; uid=258',
  'referer' => 'https://www.fdadeal.com/pages/user/money/pay?data=%5B%7B%22user_id%22%3A261,%22shop_id%22%3A%2227%22,%22order_id%22%3A%2295%22,%22order_no%22%3A%225522236425127261%22,%22pay_no%22%3A%22202206142359244632225599534850%22,%22order_price%22%3A%224022.00%22,%22freight_price%22%3A0,%22coupon_price%22%3A0,%22discount_price%22%3A0,%22price%22%3A%224022.00%22,%22wholesale_price%22%3A%223555.00%22,%22number%22%3A2,%22createtime%22%3A1655222364,%22updatetime%22%3A1655222364,%22id%22%3A%2288%22%7D%5D',
  'user-agent' => 'Mozilla/5.0 (iPhone; CPU iPhone OS 14_7 like Mac OS X) AppleWebKit/605.1.15 (KHTML, like Gecko) CriOS/98.0.4758.97 Mobile/15E148 Safari/604.1',
  'content-length' => '20',
  'origin' => 'https://www.fdadeal.com',
  'token' => 'cc05e4ac-a487-4d8d-a21a-ff15b4f13180',
  'accept-language' => 'zh-CN,zh;q=0.9',
  'accept-encoding' => 'gzip, deflate, br',
  'accept' => '*/*',
  'content-type' => 'application/json;charset=UTF-8',
  'host' => 'www.fdadeal.com',
)
[ info ] [ PARAM ] array (
  'captcha' => '123456',
)
[ info ] [ LANG ] /www/wwwroot/www.fdadeal.com/public/../application/api/lang/zh-cn.php
[ info ] [ BEHAVIOR ] Run app\common\behavior\Common @module_init [ RunTime:0.000975s ]
[ info ] [ TOKEN ] INIT Mysql
[ info ] [ DB ] INIT mysql
[ info ] [ BEHAVIOR ] Run \addons\alioss\Alioss @upload_config_init [ RunTime:0.000270s ]
[ info ] [ RUN ] app\api\controller\wanlshop\Pay->getpaypass[ /www/wwwroot/www.fdadeal.com/application/api/controller/wanlshop/Pay.php ]
[ info ] [ LOG ] INIT File
---------------------------------------------------------------
[ 2022-06-14T23:59:28+08:00 ] 183.251.161.8 POST www.fdadeal.com/api/wanlshop/pay/payment
[运行时间：0.093092s] [吞吐率：10.74req/s] [内存消耗：4,320.54kb] [文件加载：148]
[ info ] [ BEHAVIOR ] Run Closure @app_init [ RunTime:0.000016s ]
[ info ] [ CACHE ] INIT File
[ info ] [ BEHAVIOR ] Run \addons\alioss\Alioss @app_init [ RunTime:0.001923s ]
[ info ] [ BEHAVIOR ] Run \addons\wanlshop\Wanlshop @app_init [ RunTime:0.000684s ]
[ info ] [ BEHAVIOR ] Run Closure @app_init [ RunTime:0.000701s ]
[ info ] [ LANG ] /www/wwwroot/www.fdadeal.com/thinkphp/lang/zh-cn.php
[ info ] [ BEHAVIOR ] Run app\common\behavior\Common @app_dispatch [ RunTime:0.000207s ]
[ info ] [ ROUTE ] array (
  'type' => 'module',
  'module' => 
  array (
    0 => 'api',
    1 => 'wanlshop.pay',
    2 => 'payment',
  ),
)
[ info ] [ HEADER ] array (
  'cookie' => 'think_var=zh-cn; keeplogin=1%7C86400%7C1655030943%7Cccfe8ac487ecb3c0a8e771d739808b7e; token=9350100b-03f2-4725-8211-d8b24a668171; uid=258',
  'referer' => 'https://www.fdadeal.com/pages/user/money/pay?data=%5B%7B%22user_id%22%3A261,%22shop_id%22%3A%2227%22,%22order_id%22%3A%2295%22,%22order_no%22%3A%225522236425127261%22,%22pay_no%22%3A%22202206142359244632225599534850%22,%22order_price%22%3A%224022.00%22,%22freight_price%22%3A0,%22coupon_price%22%3A0,%22discount_price%22%3A0,%22price%22%3A%224022.00%22,%22wholesale_price%22%3A%223555.00%22,%22number%22%3A2,%22createtime%22%3A1655222364,%22updatetime%22%3A1655222364,%22id%22%3A%2288%22%7D%5D',
  'user-agent' => 'Mozilla/5.0 (iPhone; CPU iPhone OS 14_7 like Mac OS X) AppleWebKit/605.1.15 (KHTML, like Gecko) CriOS/98.0.4758.97 Mobile/15E148 Safari/604.1',
  'content-length' => '84',
  'origin' => 'https://www.fdadeal.com',
  'token' => 'cc05e4ac-a487-4d8d-a21a-ff15b4f13180',
  'accept-language' => 'zh-CN,zh;q=0.9',
  'accept-encoding' => 'gzip, deflate, br',
  'accept' => '*/*',
  'content-type' => 'application/json;charset=UTF-8',
  'host' => 'www.fdadeal.com',
)
[ info ] [ PARAM ] array (
  'type' => 'balance',
  'method' => 'balance',
  'captcha' => '123456',
  'code' => NULL,
  'order_id' => '95',
)
[ info ] [ LANG ] /www/wwwroot/www.fdadeal.com/public/../application/api/lang/zh-cn.php
[ info ] [ BEHAVIOR ] Run app\common\behavior\Common @module_init [ RunTime:0.000991s ]
[ info ] [ TOKEN ] INIT Mysql
[ info ] [ DB ] INIT mysql
[ info ] [ BEHAVIOR ] Run \addons\alioss\Alioss @upload_config_init [ RunTime:0.000254s ]
[ info ] [ RUN ] app\api\controller\wanlshop\Pay->payment[ /www/wwwroot/www.fdadeal.com/application/api/controller/wanlshop/Pay.php ]
[ info ] [ LOG ] INIT File
---------------------------------------------------------------
[ 2022-06-14T23:59:34+08:00 ] 183.251.161.8 GET www.fdadeal.com/api/wanlshop/order/getOrderList?state=1&page=1
[运行时间：0.077492s] [吞吐率：12.90req/s] [内存消耗：4,456.37kb] [文件加载：153]
[ info ] [ BEHAVIOR ] Run Closure @app_init [ RunTime:0.000016s ]
[ info ] [ CACHE ] INIT File
[ info ] [ BEHAVIOR ] Run \addons\alioss\Alioss @app_init [ RunTime:0.001900s ]
[ info ] [ BEHAVIOR ] Run \addons\wanlshop\Wanlshop @app_init [ RunTime:0.000690s ]
[ info ] [ BEHAVIOR ] Run Closure @app_init [ RunTime:0.000707s ]
[ info ] [ LANG ] /www/wwwroot/www.fdadeal.com/thinkphp/lang/zh-cn.php
[ info ] [ BEHAVIOR ] Run app\common\behavior\Common @app_dispatch [ RunTime:0.000231s ]
[ info ] [ ROUTE ] array (
  'type' => 'module',
  'module' => 
  array (
    0 => 'api',
    1 => 'wanlshop.order',
    2 => 'getOrderList',
  ),
)
[ info ] [ HEADER ] array (
  'cookie' => 'think_var=zh-cn; keeplogin=1%7C86400%7C1655030943%7Cccfe8ac487ecb3c0a8e771d739808b7e; token=9350100b-03f2-4725-8211-d8b24a668171; uid=258',
  'accept-encoding' => 'gzip, deflate, br',
  'accept-language' => 'zh-CN,zh;q=0.9',
  'user-agent' => 'Mozilla/5.0 (iPhone; CPU iPhone OS 14_7 like Mac OS X) AppleWebKit/605.1.15 (KHTML, like Gecko) CriOS/98.0.4758.97 Mobile/15E148 Safari/604.1',
  'token' => 'cc05e4ac-a487-4d8d-a21a-ff15b4f13180',
  'referer' => 'https://www.fdadeal.com/pages/user/order/order?state=1',
  'content-type' => 'application/json;charset=UTF-8',
  'accept' => '*/*',
  'host' => 'www.fdadeal.com',
  'content-length' => '',
)
[ info ] [ PARAM ] array (
  'state' => '1',
  'page' => '1',
)
[ info ] [ LANG ] /www/wwwroot/www.fdadeal.com/public/../application/api/lang/zh-cn.php
[ info ] [ BEHAVIOR ] Run app\common\behavior\Common @module_init [ RunTime:0.000976s ]
[ info ] [ TOKEN ] INIT Mysql
[ info ] [ DB ] INIT mysql
[ info ] [ BEHAVIOR ] Run \addons\alioss\Alioss @upload_config_init [ RunTime:0.000265s ]
[ info ] [ RUN ] app\api\controller\wanlshop\Order->getOrderList[ /www/wwwroot/www.fdadeal.com/application/api/controller/wanlshop/Order.php ]
[ info ] [ LOG ] INIT File
---------------------------------------------------------------
[ 2022-06-14T23:59:36+08:00 ] 183.251.161.8 GET www.fdadeal.com/api/wanlshop/order/getOrderInfo?id=93
[运行时间：0.076628s] [吞吐率：13.05req/s] [内存消耗：4,416.07kb] [文件加载：151]
[ info ] [ BEHAVIOR ] Run Closure @app_init [ RunTime:0.000015s ]
[ info ] [ CACHE ] INIT File
[ info ] [ BEHAVIOR ] Run \addons\alioss\Alioss @app_init [ RunTime:0.001908s ]
[ info ] [ BEHAVIOR ] Run \addons\wanlshop\Wanlshop @app_init [ RunTime:0.000668s ]
[ info ] [ BEHAVIOR ] Run Closure @app_init [ RunTime:0.000685s ]
[ info ] [ LANG ] /www/wwwroot/www.fdadeal.com/thinkphp/lang/zh-cn.php
[ info ] [ BEHAVIOR ] Run app\common\behavior\Common @app_dispatch [ RunTime:0.000211s ]
[ info ] [ ROUTE ] array (
  'type' => 'module',
  'module' => 
  array (
    0 => 'api',
    1 => 'wanlshop.order',
    2 => 'getOrderInfo',
  ),
)
[ info ] [ HEADER ] array (
  'cookie' => 'think_var=zh-cn; keeplogin=1%7C86400%7C1655030943%7Cccfe8ac487ecb3c0a8e771d739808b7e; token=9350100b-03f2-4725-8211-d8b24a668171; uid=258',
  'accept-encoding' => 'gzip, deflate, br',
  'accept-language' => 'zh-CN,zh;q=0.9',
  'user-agent' => 'Mozilla/5.0 (iPhone; CPU iPhone OS 14_7 like Mac OS X) AppleWebKit/605.1.15 (KHTML, like Gecko) CriOS/98.0.4758.97 Mobile/15E148 Safari/604.1',
  'token' => 'cc05e4ac-a487-4d8d-a21a-ff15b4f13180',
  'referer' => 'https://www.fdadeal.com/pages/user/order/details?id=93',
  'content-type' => 'application/json;charset=UTF-8',
  'accept' => '*/*',
  'host' => 'www.fdadeal.com',
  'content-length' => '',
)
[ info ] [ PARAM ] array (
  'id' => '93',
)
[ info ] [ LANG ] /www/wwwroot/www.fdadeal.com/public/../application/api/lang/zh-cn.php
[ info ] [ BEHAVIOR ] Run app\common\behavior\Common @module_init [ RunTime:0.001063s ]
[ info ] [ TOKEN ] INIT Mysql
[ info ] [ DB ] INIT mysql
[ info ] [ BEHAVIOR ] Run \addons\alioss\Alioss @upload_config_init [ RunTime:0.000276s ]
[ info ] [ RUN ] app\api\controller\wanlshop\Order->getOrderInfo[ /www/wwwroot/www.fdadeal.com/application/api/controller/wanlshop/Order.php ]
[ info ] [ LOG ] INIT File
---------------------------------------------------------------
[ 2022-06-14T23:59:38+08:00 ] 183.251.161.8 GET www.fdadeal.com/api/wanlshop/shop/page?id=27
[运行时间：0.082923s] [吞吐率：12.06req/s] [内存消耗：4,391.85kb] [文件加载：151]
[ info ] [ BEHAVIOR ] Run Closure @app_init [ RunTime:0.000016s ]
[ info ] [ CACHE ] INIT File
[ info ] [ BEHAVIOR ] Run \addons\alioss\Alioss @app_init [ RunTime:0.002020s ]
[ info ] [ BEHAVIOR ] Run \addons\wanlshop\Wanlshop @app_init [ RunTime:0.000679s ]
[ info ] [ BEHAVIOR ] Run Closure @app_init [ RunTime:0.000696s ]
[ info ] [ LANG ] /www/wwwroot/www.fdadeal.com/thinkphp/lang/zh-cn.php
[ info ] [ BEHAVIOR ] Run app\common\behavior\Common @app_dispatch [ RunTime:0.000230s ]
[ info ] [ ROUTE ] array (
  'type' => 'module',
  'module' => 
  array (
    0 => 'api',
    1 => 'wanlshop.shop',
    2 => 'page',
  ),
)
[ info ] [ HEADER ] array (
  'cookie' => 'think_var=zh-cn; keeplogin=1%7C86400%7C1655030943%7Cccfe8ac487ecb3c0a8e771d739808b7e; token=9350100b-03f2-4725-8211-d8b24a668171; uid=258',
  'accept-encoding' => 'gzip, deflate, br',
  'accept-language' => 'zh-CN,zh;q=0.9',
  'user-agent' => 'Mozilla/5.0 (iPhone; CPU iPhone OS 14_7 like Mac OS X) AppleWebKit/605.1.15 (KHTML, like Gecko) CriOS/98.0.4758.97 Mobile/15E148 Safari/604.1',
  'token' => 'cc05e4ac-a487-4d8d-a21a-ff15b4f13180',
  'referer' => 'https://www.fdadeal.com/pages/shop/shop?id=27&type=',
  'content-type' => 'application/json;charset=UTF-8',
  'accept' => '*/*',
  'host' => 'www.fdadeal.com',
  'content-length' => '',
)
[ info ] [ PARAM ] array (
  'id' => '27',
)
[ info ] [ LANG ] /www/wwwroot/www.fdadeal.com/public/../application/api/lang/zh-cn.php
[ info ] [ BEHAVIOR ] Run app\common\behavior\Common @module_init [ RunTime:0.000993s ]
[ info ] [ TOKEN ] INIT Mysql
[ info ] [ DB ] INIT mysql
[ info ] [ BEHAVIOR ] Run \addons\alioss\Alioss @upload_config_init [ RunTime:0.000439s ]
[ info ] [ RUN ] app\api\controller\wanlshop\Shop->page[ /www/wwwroot/www.fdadeal.com/application/api/controller/wanlshop/Shop.php ]
[ info ] [ LOG ] INIT File
---------------------------------------------------------------
[ 2022-06-14T23:59:44+08:00 ] 183.251.161.8 GET www.fdadeal.com/api/wanlshop/product/lists?search=&sort=price&order=asc&page=1&filter=%7B%22shop_id%22%3A%2227%22%7D&op=%7B%22shop_id%22%3A%22%3D%22%7D
[运行时间：0.092207s] [吞吐率：10.85req/s] [内存消耗：4,447.09kb] [文件加载：154]
[ info ] [ BEHAVIOR ] Run Closure @app_init [ RunTime:0.000015s ]
[ info ] [ CACHE ] INIT File
[ info ] [ BEHAVIOR ] Run \addons\alioss\Alioss @app_init [ RunTime:0.001943s ]
[ info ] [ BEHAVIOR ] Run \addons\wanlshop\Wanlshop @app_init [ RunTime:0.000683s ]
[ info ] [ BEHAVIOR ] Run Closure @app_init [ RunTime:0.000700s ]
[ info ] [ LANG ] /www/wwwroot/www.fdadeal.com/thinkphp/lang/zh-cn.php
[ info ] [ BEHAVIOR ] Run app\common\behavior\Common @app_dispatch [ RunTime:0.000243s ]
[ info ] [ ROUTE ] array (
  'type' => 'module',
  'module' => 
  array (
    0 => 'api',
    1 => 'wanlshop.product',
    2 => 'lists',
  ),
)
[ info ] [ HEADER ] array (
  'cookie' => 'think_var=zh-cn; keeplogin=1%7C86400%7C1655030943%7Cccfe8ac487ecb3c0a8e771d739808b7e; token=9350100b-03f2-4725-8211-d8b24a668171; uid=258',
  'accept-encoding' => 'gzip, deflate, br',
  'accept-language' => 'zh-CN,zh;q=0.9',
  'user-agent' => 'Mozilla/5.0 (iPhone; CPU iPhone OS 14_7 like Mac OS X) AppleWebKit/605.1.15 (KHTML, like Gecko) CriOS/98.0.4758.97 Mobile/15E148 Safari/604.1',
  'token' => 'cc05e4ac-a487-4d8d-a21a-ff15b4f13180',
  'referer' => 'https://www.fdadeal.com/pages/shop/shop?id=27&type=',
  'content-type' => 'application/json;charset=UTF-8',
  'accept' => '*/*',
  'host' => 'www.fdadeal.com',
  'content-length' => '',
)
[ info ] [ PARAM ] array (
  'search' => '',
  'sort' => 'price',
  'order' => 'asc',
  'page' => '1',
  'filter' => '{"shop_id":"27"}',
  'op' => '{"shop_id":"="}',
)
[ info ] [ LANG ] /www/wwwroot/www.fdadeal.com/public/../application/api/lang/zh-cn.php
[ info ] [ BEHAVIOR ] Run app\common\behavior\Common @module_init [ RunTime:0.000994s ]
[ info ] [ TOKEN ] INIT Mysql
[ info ] [ DB ] INIT mysql
[ info ] [ BEHAVIOR ] Run \addons\alioss\Alioss @upload_config_init [ RunTime:0.000288s ]
[ info ] [ LANG ] /www/wwwroot/www.fdadeal.com/public/../application/api/lang/zh-cn/wanlshop/product.php
[ info ] [ RUN ] app\api\controller\wanlshop\Product->lists[ /www/wwwroot/www.fdadeal.com/application/api/controller/wanlshop/Product.php ]
[ info ] [ LOG ] INIT File
---------------------------------------------------------------
[ 2022-06-14T23:59:46+08:00 ] 183.251.161.8 GET www.fdadeal.com/api/wanlshop/product/lists?search=&sort=createtime&order=asc&page=1&filter=%7B%22shop_id%22%3A%2227%22%7D&op=%7B%22shop_id%22%3A%22%3D%22%7D
[运行时间：0.092137s] [吞吐率：10.85req/s] [内存消耗：4,459.12kb] [文件加载：154]
[ info ] [ BEHAVIOR ] Run Closure @app_init [ RunTime:0.000017s ]
[ info ] [ CACHE ] INIT File
[ info ] [ BEHAVIOR ] Run \addons\alioss\Alioss @app_init [ RunTime:0.001969s ]
[ info ] [ BEHAVIOR ] Run \addons\wanlshop\Wanlshop @app_init [ RunTime:0.000696s ]
[ info ] [ BEHAVIOR ] Run Closure @app_init [ RunTime:0.000713s ]
[ info ] [ LANG ] /www/wwwroot/www.fdadeal.com/thinkphp/lang/zh-cn.php
[ info ] [ BEHAVIOR ] Run app\common\behavior\Common @app_dispatch [ RunTime:0.000211s ]
[ info ] [ ROUTE ] array (
  'type' => 'module',
  'module' => 
  array (
    0 => 'api',
    1 => 'wanlshop.product',
    2 => 'lists',
  ),
)
[ info ] [ HEADER ] array (
  'cookie' => 'think_var=zh-cn; keeplogin=1%7C86400%7C1655030943%7Cccfe8ac487ecb3c0a8e771d739808b7e; token=9350100b-03f2-4725-8211-d8b24a668171; uid=258',
  'accept-encoding' => 'gzip, deflate, br',
  'accept-language' => 'zh-CN,zh;q=0.9',
  'user-agent' => 'Mozilla/5.0 (iPhone; CPU iPhone OS 14_7 like Mac OS X) AppleWebKit/605.1.15 (KHTML, like Gecko) CriOS/98.0.4758.97 Mobile/15E148 Safari/604.1',
  'token' => 'cc05e4ac-a487-4d8d-a21a-ff15b4f13180',
  'referer' => 'https://www.fdadeal.com/pages/shop/shop?id=27&type=',
  'content-type' => 'application/json;charset=UTF-8',
  'accept' => '*/*',
  'host' => 'www.fdadeal.com',
  'content-length' => '',
)
[ info ] [ PARAM ] array (
  'search' => '',
  'sort' => 'createtime',
  'order' => 'asc',
  'page' => '1',
  'filter' => '{"shop_id":"27"}',
  'op' => '{"shop_id":"="}',
)
[ info ] [ LANG ] /www/wwwroot/www.fdadeal.com/public/../application/api/lang/zh-cn.php
[ info ] [ BEHAVIOR ] Run app\common\behavior\Common @module_init [ RunTime:0.001027s ]
[ info ] [ TOKEN ] INIT Mysql
[ info ] [ DB ] INIT mysql
[ info ] [ BEHAVIOR ] Run \addons\alioss\Alioss @upload_config_init [ RunTime:0.000339s ]
[ info ] [ LANG ] /www/wwwroot/www.fdadeal.com/public/../application/api/lang/zh-cn/wanlshop/product.php
[ info ] [ RUN ] app\api\controller\wanlshop\Product->lists[ /www/wwwroot/www.fdadeal.com/application/api/controller/wanlshop/Product.php ]
[ info ] [ LOG ] INIT File
---------------------------------------------------------------
[ 2022-06-14T23:59:48+08:00 ] 183.251.161.8 GET www.fdadeal.com/api/wanlshop/product/lists?search=&sort=sales&order=asc&page=1&filter=%7B%22shop_id%22%3A%2227%22%7D&op=%7B%22shop_id%22%3A%22%3D%22%7D
[运行时间：0.092062s] [吞吐率：10.86req/s] [内存消耗：4,455.09kb] [文件加载：154]
[ info ] [ BEHAVIOR ] Run Closure @app_init [ RunTime:0.000015s ]
[ info ] [ CACHE ] INIT File
[ info ] [ BEHAVIOR ] Run \addons\alioss\Alioss @app_init [ RunTime:0.001961s ]
[ info ] [ BEHAVIOR ] Run \addons\wanlshop\Wanlshop @app_init [ RunTime:0.000660s ]
[ info ] [ BEHAVIOR ] Run Closure @app_init [ RunTime:0.000676s ]
[ info ] [ LANG ] /www/wwwroot/www.fdadeal.com/thinkphp/lang/zh-cn.php
[ info ] [ BEHAVIOR ] Run app\common\behavior\Common @app_dispatch [ RunTime:0.000213s ]
[ info ] [ ROUTE ] array (
  'type' => 'module',
  'module' => 
  array (
    0 => 'api',
    1 => 'wanlshop.product',
    2 => 'lists',
  ),
)
[ info ] [ HEADER ] array (
  'cookie' => 'think_var=zh-cn; keeplogin=1%7C86400%7C1655030943%7Cccfe8ac487ecb3c0a8e771d739808b7e; token=9350100b-03f2-4725-8211-d8b24a668171; uid=258',
  'accept-encoding' => 'gzip, deflate, br',
  'accept-language' => 'zh-CN,zh;q=0.9',
  'user-agent' => 'Mozilla/5.0 (iPhone; CPU iPhone OS 14_7 like Mac OS X) AppleWebKit/605.1.15 (KHTML, like Gecko) CriOS/98.0.4758.97 Mobile/15E148 Safari/604.1',
  'token' => 'cc05e4ac-a487-4d8d-a21a-ff15b4f13180',
  'referer' => 'https://www.fdadeal.com/pages/shop/shop?id=27&type=',
  'content-type' => 'application/json;charset=UTF-8',
  'accept' => '*/*',
  'host' => 'www.fdadeal.com',
  'content-length' => '',
)
[ info ] [ PARAM ] array (
  'search' => '',
  'sort' => 'sales',
  'order' => 'asc',
  'page' => '1',
  'filter' => '{"shop_id":"27"}',
  'op' => '{"shop_id":"="}',
)
[ info ] [ LANG ] /www/wwwroot/www.fdadeal.com/public/../application/api/lang/zh-cn.php
[ info ] [ BEHAVIOR ] Run app\common\behavior\Common @module_init [ RunTime:0.000993s ]
[ info ] [ TOKEN ] INIT Mysql
[ info ] [ DB ] INIT mysql
[ info ] [ BEHAVIOR ] Run \addons\alioss\Alioss @upload_config_init [ RunTime:0.000284s ]
[ info ] [ LANG ] /www/wwwroot/www.fdadeal.com/public/../application/api/lang/zh-cn/wanlshop/product.php
[ info ] [ RUN ] app\api\controller\wanlshop\Product->lists[ /www/wwwroot/www.fdadeal.com/application/api/controller/wanlshop/Product.php ]
[ info ] [ LOG ] INIT File
---------------------------------------------------------------
[ 2022-06-14T23:59:53+08:00 ] 183.251.161.8 GET www.fdadeal.com/api/wanlshop/product/lists?search=&sort=weigh&order=asc&page=1&filter=%7B%22shop_id%22%3A%2227%22%7D&op=%7B%22shop_id%22%3A%22%3D%22%7D
[运行时间：0.097205s] [吞吐率：10.29req/s] [内存消耗：4,459.09kb] [文件加载：154]
[ info ] [ BEHAVIOR ] Run Closure @app_init [ RunTime:0.000015s ]
[ info ] [ CACHE ] INIT File
[ info ] [ BEHAVIOR ] Run \addons\alioss\Alioss @app_init [ RunTime:0.001986s ]
[ info ] [ BEHAVIOR ] Run \addons\wanlshop\Wanlshop @app_init [ RunTime:0.000664s ]
[ info ] [ BEHAVIOR ] Run Closure @app_init [ RunTime:0.000681s ]
[ info ] [ LANG ] /www/wwwroot/www.fdadeal.com/thinkphp/lang/zh-cn.php
[ info ] [ BEHAVIOR ] Run app\common\behavior\Common @app_dispatch [ RunTime:0.000225s ]
[ info ] [ ROUTE ] array (
  'type' => 'module',
  'module' => 
  array (
    0 => 'api',
    1 => 'wanlshop.product',
    2 => 'lists',
  ),
)
[ info ] [ HEADER ] array (
  'cookie' => 'think_var=zh-cn; keeplogin=1%7C86400%7C1655030943%7Cccfe8ac487ecb3c0a8e771d739808b7e; token=9350100b-03f2-4725-8211-d8b24a668171; uid=258',
  'accept-encoding' => 'gzip, deflate, br',
  'accept-language' => 'zh-CN,zh;q=0.9',
  'user-agent' => 'Mozilla/5.0 (iPhone; CPU iPhone OS 14_7 like Mac OS X) AppleWebKit/605.1.15 (KHTML, like Gecko) CriOS/98.0.4758.97 Mobile/15E148 Safari/604.1',
  'token' => 'cc05e4ac-a487-4d8d-a21a-ff15b4f13180',
  'referer' => 'https://www.fdadeal.com/pages/shop/shop?id=27&type=',
  'content-type' => 'application/json;charset=UTF-8',
  'accept' => '*/*',
  'host' => 'www.fdadeal.com',
  'content-length' => '',
)
[ info ] [ PARAM ] array (
  'search' => '',
  'sort' => 'weigh',
  'order' => 'asc',
  'page' => '1',
  'filter' => '{"shop_id":"27"}',
  'op' => '{"shop_id":"="}',
)
[ info ] [ LANG ] /www/wwwroot/www.fdadeal.com/public/../application/api/lang/zh-cn.php
[ info ] [ BEHAVIOR ] Run app\common\behavior\Common @module_init [ RunTime:0.001021s ]
[ info ] [ TOKEN ] INIT Mysql
[ info ] [ DB ] INIT mysql
[ info ] [ BEHAVIOR ] Run \addons\alioss\Alioss @upload_config_init [ RunTime:0.000269s ]
[ info ] [ LANG ] /www/wwwroot/www.fdadeal.com/public/../application/api/lang/zh-cn/wanlshop/product.php
[ info ] [ RUN ] app\api\controller\wanlshop\Product->lists[ /www/wwwroot/www.fdadeal.com/application/api/controller/wanlshop/Product.php ]
[ info ] [ LOG ] INIT File
